广发证券在2022-12-31的基本面信息如下
存在基本面关系：由个股指向财务指标
存在基本面关系：由个股指向主营构成
存在基本面关系：由个股指向十大股东
存在主营构成如下表所示
|属性|值|
|--|--|
|name|广发证券|
|发布时间|2022-06-30|
存在个股如下表所示
|属性|值|
|--|--|
|name|广发证券|
|code|000776|
存在主营构成如下表所示
|属性|值|
|--|--|
|name|广发证券|
|发布时间|2022-12-31|
存在主营构成如下表所示
|属性|值|
|--|--|
|name|广发证券|
|发布时间|2021-06-30|
存在主营构成如下表所示
|属性|值|
|--|--|
|name|广发证券|
|发布时间|2021-12-31|
存在主营构成如下表所示
|属性|值|
|--|--|
|name|广发证券|
|发布时间|2020-12-31|
存在财务指标如下表所示
|属性|值|
|--|--|
|name|2022年报|
|发布时间|2022-12-31|
|个股|广发证券|
|报告类型|年报|
存在十大股东如下表所示
|属性|值|
|--|--|
|name|广发证券|
|发布时间|1998-06-30|
存在十大股东如下表所示
|属性|值|
|--|--|
|name|广发证券|
|发布时间|1998-12-31|
存在十大股东如下表所示
|属性|值|
|--|--|
|name|广发证券|
|发布时间|1999-06-30|
存在十大股东如下表所示
|属性|值|
|--|--|
|name|广发证券|
|发布时间|1999-12-31|
存在十大股东如下表所示
|属性|值|
|--|--|
|name|广发证券|
|发布时间|2000-06-30|
存在十大股东如下表所示
|属性|值|
|--|--|
|name|广发证券|
|发布时间|2000-12-31|
存在十大股东如下表所示
|属性|值|
|--|--|
|name|广发证券|
|发布时间|2001-06-30|
存在十大股东如下表所示
|属性|值|
|--|--|
|name|广发证券|
|发布时间|2001-12-31|
广发证券在2023-03-31的基本面信息如下
存在财务指标如下表所示
|属性|值|
|--|--|
|name|2023一季报|
|发布时间|2023-03-31|
|个股|广发证券|
|报告类型|季报|
存在十大股东如下表所示
|属性|值|
|--|--|
|name|广发证券|
|发布时间|2002-06-30|
广发证券在2023-06-30的基本面信息如下
存在十大股东如下表所示
|属性|值|
|--|--|
|name|广发证券|
|发布时间|2002-09-30|
广发证券在2023-06-30的基本面信息如下
广发证券在2023-03-31的基本面信息如下
存在包含关系：由财务指标指向财务风险
存在包含关系：由财务指标指向每股指标
存在包含关系：由财务指标指向盈利能力
存在包含关系：由财务指标指向营运能力
存在包含关系：由财务指标指向常用指标
存在包含关系：由财务指标指向收益质量
存在包含关系：由财务指标指向成长能力
存在按名次划分关系：由十大股东指向股东明细
请注意，以下只截取了前5个属性
存在财务指标-成长能力如下表所示
|属性|值|
|--|--|
|name|广发证券|
|发布时间|2023-03-31|
|净利润|2425803592.59|
|归属母公司净利润增长率|65.581386|
|营业总收入增长率|35.68741|
存在财务指标-盈利能力如下表所示
|属性|值|
|--|--|
|name|广发证券|
|发布时间|2023-03-31|
|摊薄净资产收益率_扣除非经常损益|1.912992|
|总资产净利率_平均|0.336542|
|息前税后总资产报酬率_平均|0.378527|
存在财务指标-每股指标如下表所示
|属性|值|
|--|--|
|name|广发证券|
|发布时间|2023-03-31|
|每股资本公积金|4.105212|
|每股净资产_最新股数|14.612292|
|稀释每股收益|0.27|
存在财务指标-营运能力如下表所示
|属性|值|
|--|--|
|name|广发证券|
|发布时间|2023-03-31|
|应收账款周转天数|无|
|流动资产周转天数|无|
|总资产周转天数|8904.760098|
存在财务指标-收益质量如下表所示
|属性|值|
|--|--|
|name|广发证券|
|发布时间|2023-03-31|
|经营活动净现金/归属母公司的净利润|-2.124514|
|经营性现金净流量/营业总收入|-0.707424|
|期间费用率|无|
存在财务指标-财务风险如下表所示
|属性|值|
|--|--|
|name|广发证券|
|发布时间|2023-03-31|
|保守速动比率|无|
|现金比率|无|
|资产负债率|75.761174|
存在财务指标-常用指标如下表所示
|属性|值|
|--|--|
|name|广发证券|
|发布时间|2023-03-31|
|净利润|2425803592.59|
|资产负债率|75.761174|
|每股净资产|14.612292|
存在股东明细如下表所示
|属性|值|
|--|--|
|name|广发证券|
|发布时间|2023-03-31|
|变动比率|4.08426608|
|持股数|63137113|
|股东名称|中国建设银行股份有限公司-国泰中证全指证券公司交易型开放式指数证券投资基金|
存在股东明细如下表所示
|属性|值|
|--|--|
|name|广发证券|
|发布时间|2023-03-31|
|变动比率|-0.00030585|
|持股数|1700147050|
|股东名称|香港中央结算(代理人)有限公司|
存在股东明细如下表所示
|属性|值|
|--|--|
|name|广发证券|
|发布时间|2023-03-31|
|变动比率|无|
|持股数|686754216|
|股东名称|中山公用事业集团股份有限公司|
存在股东明细如下表所示
|属性|值|
|--|--|
|name|广发证券|
|发布时间|2023-03-31|
|变动比率|32.76958957|
|持股数|72891920|
|股东名称|全国社保基金一一八组合|
存在股东明细如下表所示
|属性|值|
|--|--|
|name|广发证券|
|发布时间|2023-03-31|
|变动比率|无|
|持股数|1250154088|
|股东名称|辽宁成大股份有限公司|
存在股东明细如下表所示
|属性|值|
|--|--|
|name|广发证券|
|发布时间|2023-03-31|
|变动比率|无|
|持股数|29224353|
|股东名称|华夏人寿保险股份有限公司-自有资金|

医疗服务在2023-06-30的信息如下
存在板块关系：由个股指向行业
存在板块关系：由个股指向地域
存在板块关系：由个股指向概念
存在行业如下表所示
|属性|值|
|--|--|
|name|医疗服务|
|code|BK0727|
存在个股如下表所示
|属性|值|
|--|--|
|name|美年健康|
|code|002044|
存在个股如下表所示
|属性|值|
|--|--|
|name|健麾信息|
|code|605186|
存在个股如下表所示
|属性|值|
|--|--|
|name|润达医疗|
|code|603108|
存在个股如下表所示
|属性|值|
|--|--|
|name|三博脑科|
|code|301293|
存在个股如下表所示
|属性|值|
|--|--|
|name|新里程|
|code|002219|
存在个股如下表所示
|属性|值|
|--|--|
|name|何氏眼科|
|code|301103|
存在个股如下表所示
|属性|值|
|--|--|
|name|创新医疗|
|code|002173|
存在个股如下表所示
|属性|值|
|--|--|
|name|诺思格|
|code|301333|
存在个股如下表所示
|属性|值|
|--|--|
|name|盈康生命|
|code|300143|
存在个股如下表所示
|属性|值|
|--|--|
|name|普瑞眼科|
|code|301239|
存在个股如下表所示
|属性|值|
|--|--|
|name|成都先导|
|code|688222|
存在个股如下表所示
|属性|值|
|--|--|
|name|嘉和美康|
|code|688246|
存在个股如下表所示
|属性|值|
|--|--|
|name|诺禾致源|
|code|688315|
存在个股如下表所示
|属性|值|
|--|--|
|name|华厦眼科|
|code|301267|
存在个股如下表所示
|属性|值|
|--|--|
|name|国际医学|
|code|000516|
医疗服务在2023-03-31的信息如下
医疗服务在2022-12-31的信息如下

化学制药在2022-12-31的信息如下
存在板块关系：由个股指向行业
存在板块关系：由个股指向地域
存在板块关系：由个股指向概念
存在控股关系：由实际控制人指向个股
存在基本面关系：由个股指向财务指标
存在基本面关系：由个股指向主营构成
存在基本面关系：由个股指向十大股东
存在按行业分类关系：由主营构成指向主营指标
存在按产品分类关系：由主营构成指向主营指标
存在按地区分类关系：由主营构成指向主营指标
请注意，以下只截取了前5个属性
存在主营指标如下表所示
|属性|值|
|--|--|
|name|医药制造|
|发布时间|2022-12-31|
|分类类型|按行业分类|
|个股|吉贝尔|
|主营收入|654730646.35|
存在主营指标如下表所示
|属性|值|
|--|--|
|name|利可君片|
|发布时间|2022-12-31|
|分类类型|按产品分类|
|个股|吉贝尔|
|主营收入|502513584.64|
存在主营指标如下表所示
|属性|值|
|--|--|
|name|尼群洛尔片|
|发布时间|2022-12-31|
|分类类型|按产品分类|
|个股|吉贝尔|
|主营收入|55882003.24|
存在主营指标如下表所示
|属性|值|
|--|--|
|name|其他|
|发布时间|2022-12-31|
|分类类型|按产品分类|
|个股|吉贝尔|
|主营收入|35404880.94|
存在主营指标如下表所示
|属性|值|
|--|--|
|name|醋氯芬酸肠溶片|
|发布时间|2022-12-31|
|分类类型|按产品分类|
|个股|吉贝尔|
|主营收入|34030078.64|
存在主营指标如下表所示
|属性|值|
|--|--|
|name|玉屏风胶囊|
|发布时间|2022-12-31|
|分类类型|按产品分类|
|个股|吉贝尔|
|主营收入|26900098.89|
存在主营指标如下表所示
|属性|值|
|--|--|
|name|华东|
|发布时间|2022-12-31|
|分类类型|按地区分类|
|个股|吉贝尔|
|主营收入|369061827.36|
存在主营指标如下表所示
|属性|值|
|--|--|
|name|华中|
|发布时间|2022-12-31|
|分类类型|按地区分类|
|个股|吉贝尔|
|主营收入|94835487.43|
存在主营指标如下表所示
|属性|值|
|--|--|
|name|华南|
|发布时间|2022-12-31|
|分类类型|按地区分类|
|个股|吉贝尔|
|主营收入|61501374.87|
存在主营指标如下表所示
|属性|值|
|--|--|
|name|华北|
|发布时间|2022-12-31|
|分类类型|按地区分类|
|个股|吉贝尔|
|主营收入|58763840.18|
存在主营指标如下表所示
|属性|值|
|--|--|
|name|西南|
|发布时间|2022-12-31|
|分类类型|按地区分类|
|个股|吉贝尔|
|主营收入|57251877.07|
存在主营指标如下表所示
|属性|值|
|--|--|
|name|东北|
|发布时间|2022-12-31|
|分类类型|按地区分类|
|个股|吉贝尔|
|主营收入|6678073.05|

化学制药在2022-12-31的板块信息如下
存在板块关系：由个股指向行业
存在板块关系：由个股指向地域
存在板块关系：由个股指向概念
存在行业如下表所示
|属性|值|
|--|--|
|name|化学制药|
|code|BK0465|
存在个股如下表所示
|属性|值|
|--|--|
|name|济民医疗|
|code|603222|
存在个股如下表所示
|属性|值|
|--|--|
|name|吉贝尔|
|code|688566|
存在个股如下表所示
|属性|值|
|--|--|
|name|东亚药业|
|code|605177|
存在个股如下表所示
|属性|值|
|--|--|
|name|海森药业|
|code|001367|
存在个股如下表所示
|属性|值|
|--|--|
|name|森萱医药|
|code|830946|
存在个股如下表所示
|属性|值|
|--|--|
|name|东诚药业|
|code|002675|
存在个股如下表所示
|属性|值|
|--|--|
|name|普利制药|
|code|300630|
存在个股如下表所示
|属性|值|
|--|--|
|name|海欣股份|
|code|600851|
存在个股如下表所示
|属性|值|
|--|--|
|name|艾力斯|
|code|688578|
存在个股如下表所示
|属性|值|
|--|--|
|name|赤天化|
|code|600227|
存在个股如下表所示
|属性|值|
|--|--|
|name|新 和 成|
|code|002001|
存在个股如下表所示
|属性|值|
|--|--|
|name|江苏吴中|
|code|600200|
存在个股如下表所示
|属性|值|
|--|--|
|name|中 关 村|
|code|000931|
存在个股如下表所示
|属性|值|
|--|--|
|name|圣诺生物|
|code|688117|
存在个股如下表所示
|属性|值|
|--|--|
|name|长江健康|
|code|002435|
化学制药在2023-03-31的板块信息如下
化学制药在2023-06-30的板块信息如下
化学制药在2023-06-30的板块信息如下
存在个股如下表所示
|属性|值|
|--|--|
|name|N赛维|
|code|301381|
存在地域如下表所示
|属性|值|
|--|--|
|name|广东板块|
|code|BK0153|
存在个股如下表所示
|属性|值|
|--|--|
|name|海普瑞|
|code|002399|
存在个股如下表所示
|属性|值|
|--|--|
|name|健康元|
|code|600380|
存在个股如下表所示
|属性|值|
|--|--|
|name|丽珠集团|
|code|000513|
存在个股如下表所示
|属性|值|
|--|--|
|name|润都股份|
|code|002923|
存在个股如下表所示
|属性|值|
|--|--|
|name|易瑞生物|
|code|300942|
存在个股如下表所示
|属性|值|
|--|--|
|name|信立泰|
|code|002294|
存在个股如下表所示
|属性|值|
|--|--|
|name|一品红|
|code|300723|
存在个股如下表所示
|属性|值|
|--|--|
|name|赛隆药业|
|code|002898|
存在个股如下表所示
|属性|值|
|--|--|
|name|溢多利|
|code|300381|
存在个股如下表所示
|属性|值|
|--|--|
|name|微芯生物|
|code|688321|
存在个股如下表所示
|属性|值|
|--|--|
|name|翰宇药业|
|code|300199|
存在个股如下表所示
|属性|值|
|--|--|
|name|N国科恒|
|code|301370|
存在地域如下表所示
|属性|值|
|--|--|
|name|北京板块|
|code|BK0150|
存在个股如下表所示
|属性|值|
|--|--|
|name|星昊医药|
|code|430017|
存在个股如下表所示
|属性|值|
|--|--|
|name|华润双鹤|
|code|600062|
存在个股如下表所示
|属性|值|
|--|--|
|name|奥赛康|
|code|002755|
化学制药在2023-03-31的板块信息如下
化学制药在2022-12-31的板块信息如下
化学制药的板块信息如下

化学制药在2022-12-31的信息如下
存在评价关系：由研报指向行业
存在评价如下表所示
|属性|值|
|--|--|
|评级|无|
|发布时间|2023-01-09|
|上次评级|无|
|来源|CXO行业及新冠小分子口服药进展数据跟踪|
存在评价如下表所示
|属性|值|
|--|--|
|评级|无|
|发布时间|2022-09-05|
|上次评级|无|
|来源|CXO行业及新冠小分子口服药进展数据跟踪|
存在评价如下表所示
|属性|值|
|--|--|
|评级|无|
|发布时间|2022-10-12|
|上次评级|无|
|来源|医药|
存在行业如下表所示
|属性|值|
|--|--|
|name|化学制药|
|code|BK0465|
存在研报如下表所示
|属性|值|
|--|--|
|name|CXO行业及新冠小分子口服药进展数据跟踪|
|发布时间|2023-01-09|
存在行业如下表所示
|属性|值|
|--|--|
|name|医药商业|
|code|BK1042|
存在研报如下表所示
|属性|值|
|--|--|
|name|CXO行业及新冠小分子口服药进展数据跟踪|
|发布时间|2022-09-05|
存在研报如下表所示
|属性|值|
|--|--|
|name|医药：CXO行业及新冠小分子口服药进展数据跟踪|
|发布时间|2022-10-12|
存在行业如下表所示
|属性|值|
|--|--|
|name|生物制品|
|code|BK1044|

中国中免在2022-12-31的基本面信息如下
存在基本面关系：由个股指向财务指标
存在基本面关系：由个股指向主营构成
存在基本面关系：由个股指向十大股东
存在个股如下表所示
|属性|值|
|--|--|
|name|中国中免|
|code|601888|
存在财务指标如下表所示
|属性|值|
|--|--|
|name|2022年报|
|发布时间|2022-12-31|
|个股|中国中免|
|报告类型|年报|
存在主营构成如下表所示
|属性|值|
|--|--|
|name|中国中免|
|发布时间|2014-12-31|
存在主营构成如下表所示
|属性|值|
|--|--|
|name|中国中免|
|发布时间|2014-06-30|
存在主营构成如下表所示
|属性|值|
|--|--|
|name|中国中免|
|发布时间|2020-06-30|
存在主营构成如下表所示
|属性|值|
|--|--|
|name|中国中免|
|发布时间|2015-12-31|
存在主营构成如下表所示
|属性|值|
|--|--|
|name|中国中免|
|发布时间|2021-06-30|
存在主营构成如下表所示
|属性|值|
|--|--|
|name|中国中免|
|发布时间|2019-12-31|
存在主营构成如下表所示
|属性|值|
|--|--|
|name|中国中免|
|发布时间|2013-06-30|
存在主营构成如下表所示
|属性|值|
|--|--|
|name|中国中免|
|发布时间|2017-06-30|
存在主营构成如下表所示
|属性|值|
|--|--|
|name|中国中免|
|发布时间|2016-12-31|
存在主营构成如下表所示
|属性|值|
|--|--|
|name|中国中免|
|发布时间|2021-12-31|
存在主营构成如下表所示
|属性|值|
|--|--|
|name|中国中免|
|发布时间|2020-12-31|
存在主营构成如下表所示
|属性|值|
|--|--|
|name|中国中免|
|发布时间|2013-12-31|
存在主营构成如下表所示
|属性|值|
|--|--|
|name|中国中免|
|发布时间|2017-12-31|
存在主营构成如下表所示
|属性|值|
|--|--|
|name|中国中免|
|发布时间|2022-06-30|
中国中免在2022-12-31的基本面信息如下
存在包含关系：由财务指标指向财务风险
存在包含关系：由财务指标指向每股指标
存在包含关系：由财务指标指向盈利能力
存在包含关系：由财务指标指向营运能力
存在包含关系：由财务指标指向常用指标
存在包含关系：由财务指标指向收益质量
存在包含关系：由财务指标指向成长能力
存在按行业分类关系：由主营构成指向主营指标
存在按产品分类关系：由主营构成指向主营指标
存在按地区分类关系：由主营构成指向主营指标
请注意，以下只截取了前5个属性
存在财务指标-成长能力如下表所示
|属性|值|
|--|--|
|name|中国中免|
|发布时间|2022-12-31|
|净利润|6188249974.43|
|归属母公司净利润增长率|-47.891888|
|营业总收入增长率|-19.56788|
存在财务指标-盈利能力如下表所示
|属性|值|
|--|--|
|name|中国中免|
|发布时间|2022-12-31|
|摊薄净资产收益率_扣除非经常损益|10.091122|
|总资产净利率_平均|7.65768|
|息前税后总资产报酬率_平均|9.71588|
存在财务指标-每股指标如下表所示
|属性|值|
|--|--|
|name|中国中免|
|发布时间|2022-12-31|
|每股资本公积金|8.452197|
|每股净资产_最新股数|23.478352|
|稀释每股收益|2.5277|
存在财务指标-营运能力如下表所示
|属性|值|
|--|--|
|name|中国中免|
|发布时间|2022-12-31|
|应收账款周转天数|0.850804|
|流动资产周转天数|316.6193|
|总资产周转天数|434.455282|
存在财务指标-收益质量如下表所示
|属性|值|
|--|--|
|name|中国中免|
|发布时间|2022-12-31|
|经营活动净现金/归属母公司的净利润|-0.678923|
|经营性现金净流量/营业总收入|-0.062742|
|期间费用率|11.870553|
存在财务指标-常用指标如下表所示
|属性|值|
|--|--|
|name|中国中免|
|发布时间|2022-12-31|
|净利润|6188249974.43|
|资产负债率|28.69303|
|每股净资产|23.478352|
存在主营指标如下表所示
|属性|值|
|--|--|
|name|商品销售业|
|发布时间|2022-12-31|
|分类类型|按行业分类|
|个股|中国中免|
|主营收入|54005609310.0|
存在主营指标如下表所示
|属性|值|
|--|--|
|name|其他(补充)|
|发布时间|2022-12-31|
|分类类型|按行业分类|
|个股|中国中免|
|主营收入|427242077.25|
存在主营指标如下表所示
|属性|值|
|--|--|
|name|有税商品销售|
|发布时间|2022-12-31|
|分类类型|按产品分类|
|个股|中国中免|
|主营收入|27973584484.9|
存在主营指标如下表所示
|属性|值|
|--|--|
|name|免税商品销售|
|发布时间|2022-12-31|
|分类类型|按产品分类|
|个股|中国中免|
|主营收入|26032024825.1|
存在主营指标如下表所示
|属性|值|
|--|--|
|name|其他(补充)|
|发布时间|2022-12-31|
|分类类型|按产品分类|
|个股|中国中免|
|主营收入|427242077.25|
存在主营指标如下表所示
|属性|值|
|--|--|
|name|海南地区|
|发布时间|2022-12-31|
|分类类型|按地区分类|
|个股|中国中免|
|主营收入|34705413129.43|
存在主营指标如下表所示
|属性|值|
|--|--|
|name|上海地区|
|发布时间|2022-12-31|
|分类类型|按地区分类|
|个股|中国中免|
|主营收入|14144707619.74|

泸州老窖在2022-12-31的信息如下
存在基本面关系：由个股指向财务指标
存在基本面关系：由个股指向主营构成
存在基本面关系：由个股指向十大股东
存在包含关系：由财务指标指向财务风险
存在包含关系：由财务指标指向每股指标
存在包含关系：由财务指标指向盈利能力
存在包含关系：由财务指标指向营运能力
存在包含关系：由财务指标指向常用指标
存在包含关系：由财务指标指向收益质量
存在包含关系：由财务指标指向成长能力
存在个股如下表所示
|属性|值|
|--|--|
|name|泸州老窖|
|code|000568|
存在财务指标如下表所示
|属性|值|
|--|--|
|name|2022年报|
|发布时间|2022-12-31|
|个股|泸州老窖|
|报告类型|年报|
存在财务指标-成长能力如下表所示
|属性|值|
|--|--|
|name|泸州老窖|
|发布时间|2022-12-31|
|净利润|10410589104.43|
|归属母公司净利润增长率|30.29115|
|营业总收入增长率|21.709353|
|归母净利润|10365383281.8|
|营业总收入|25123563271.62|
|扣非净利润|10321481236.93|
存在财务指标-盈利能力如下表所示
|属性|值|
|--|--|
|name|泸州老窖|
|发布时间|2022-12-31|
|摊薄净资产收益率_扣除非经常损益|30.172825|
|总资产净利率_平均|21.914763|
|息前税后总资产报酬率_平均|22.499509|
|毛利率|86.588174|
|净资产收益率(ROE)|33.32|
|总资产净利率_平均(含少数股东损益)|22.010338|
|摊薄净资产收益率|30.301164|
|净资产收益率_平均_扣除非经常损益|33.162388|
|总资本回报率|38.814003|
|销售净利率|41.43755|
|投入资本回报率|28.561586|
|息税前利润率|56.067376|
|成本费用利润率|135.301827|
|净资产收益率_平均|33.303443|
|总资产报酬率|29.781248|
|营业利润率|55.115102|
存在财务指标-每股指标如下表所示
|属性|值|
|--|--|
|name|泸州老窖|
|发布时间|2022-12-31|
|每股资本公积金|3.261206|
|每股净资产_最新股数|23.239235|
|稀释每股收益|7.06|
|每股企业自由现金流量|2.02014|
|每股盈余公积金|1.0|
|每股未分配利润|18.18893|
|每股股东自由现金流量|3.514812|
|每股营业收入|17.068854|
|基本每股收益|7.06|
|每股现金流量净额|2.939392|
|每股息税前利润|9.570058|
|每股留存收益|19.18893|
|每股营业总收入|17.068854|
|摊薄每股净资产_期末股数|23.240699|
|调整每股净资产_期末股数|21.145935|
|每股经营现金流|5.613612|
存在财务指标-营运能力如下表所示
|属性|值|
|--|--|
|name|泸州老窖|
|发布时间|2022-12-31|
|应收账款周转天数|0.054219|
|流动资产周转天数|430.785781|
|总资产周转天数|677.750493|
|应收账款周转率|6639.709579|
|流动资产周转率|0.835682|
|总资产周转率|0.531168|
|存货周转天数|914.459365|
|应付账款周转率|2.507469|
|存货周转率|0.393675|
存在财务指标-收益质量如下表所示
|属性|值|
|--|--|
|name|泸州老窖|
|发布时间|2022-12-31|
|经营活动净现金/归属母公司的净利润|0.797138|
|经营性现金净流量/营业总收入|0.32888|
|期间费用率|17.214183|
|成本费用率|30.626009|
|所得税/利润总额|24.85907|
|销售成本率|13.411825|
|经营活动净现金/销售收入|0.32888|
存在财务指标-常用指标如下表所示
|属性|值|
|--|--|
|name|泸州老窖|
|发布时间|2022-12-31|
|净利润|10410589104.43|
|资产负债率|33.19359|
|每股净资产|23.240699|
|毛利率|86.588174|
|总资产报酬率(ROA)|29.781248|
|经营现金流量净额|8262648269.72|
|净资产收益率(ROE)|33.32|
|商誉|无|
|股东权益合计(净资产)|34328794936.64|
|营业总收入|25123563271.62|
|营业成本|11424541543.84|
|基本每股收益|7.06|
|销售净利率|41.43755|
|期间费用率|17.214183|
|归母净利润|10365383281.8|
|每股现金流|5.613612|
|扣非净利润|10321481236.93|
泸州老窖在2021-12-31的信息如下
请注意，以下只截取了前5个属性
存在财务指标-成长能力如下表所示
|属性|值|
|--|--|
|name|泸州老窖|
|发布时间|2021-12-31|
|净利润|7937262386.93|
|归属母公司净利润增长率|32.46622|
|营业总收入增长率|23.956296|
存在财务指标-盈利能力如下表所示
|属性|值|
|--|--|
|name|泸州老窖|
|发布时间|2021-12-31|
|摊薄净资产收益率_扣除非经常损益|28.118097|
|总资产净利率_平均|20.341227|
|息前税后总资产报酬率_平均|20.798375|
存在财务指标-每股指标如下表所示
|属性|值|
|--|--|
|name|泸州老窖|
|发布时间|2021-12-31|
|每股资本公积金|2.563815|
|每股净资产_最新股数|19.049239|
|稀释每股收益|5.43|
存在财务指标-营运能力如下表所示
|属性|值|
|--|--|
|name|泸州老窖|
|发布时间|2021-12-31|
|应收账款周转天数|0.027346|
|流动资产周转天数|405.174103|
|总资产周转天数|682.085017|
存在财务指标-收益质量如下表所示
|属性|值|
|--|--|
|name|泸州老窖|
|发布时间|2021-12-31|
|经营活动净现金/归属母公司的净利润|0.967707|
|经营性现金净流量/营业总收入|0.372955|
|期间费用率|21.501723|
存在财务指标-常用指标如下表所示
|属性|值|
|--|--|
|name|泸州老窖|
|发布时间|2021-12-31|
|净利润|7937262386.93|
|资产负债率|34.885209|
|每股净资产|19.143334|


常用指标包括以下属性：name,发布时间,净利润,资产负债率,每股净资产,毛利率,总资产报酬率(ROA),经营现金流量净额,净资产收益率(ROE),商誉,股东权益合计(净资产),营业总收入,营业成本,基本每股收益,销售净利率,期间费用率,归母净利润,每股现金流,扣非净利润
存在常用指标，属性值为:贵州茅台;2022-12-31;65375136766.75;19.420971;157.225774;91.866654;34.428982;36698595830.03;30.26;无;204964688254.08;127553959355.97;39748309616.85;49.93;52.679467;8.797843;62716443738.27;29.214026;62791872697.72
存在财务指标-常用指标如下表所示
|属性|值|
|--|--|
|name|贵州茅台|
|发布时间|2022-12-31|
|净利润|65375136766.75|
|资产负债率|19.420971|
|每股净资产|157.225774|
|毛利率|91.866654|
|总资产报酬率(ROA)|34.428982|
|经营现金流量净额|36698595830.03|
|净资产收益率(ROE)|30.26|
|商誉|无|
|股东权益合计(净资产)|204964688254.08|
|营业总收入|127553959355.97|
|营业成本|39748309616.85|
|基本每股收益|49.93|
|销售净利率|52.679467|
|期间费用率|8.797843|
|归母净利润|62716443738.27|
|每股现金流|29.214026|
|扣非净利润|62791872697.72|

协和电子在2020-03-31的信息如下
存在基本面关系：由个股指向财务指标
存在基本面关系：由个股指向主营构成
存在基本面关系：由个股指向十大股东
存在包含关系：由财务指标指向财务风险
存在包含关系：由财务指标指向每股指标
存在包含关系：由财务指标指向盈利能力
存在包含关系：由财务指标指向营运能力
存在包含关系：由财务指标指向常用指标
存在包含关系：由财务指标指向收益质量
存在包含关系：由财务指标指向成长能力
存在个股如下表所示
|属性|值|
|--|--|
|name|协和电子|
|code|605258|
存在财务指标如下表所示
|属性|值|
|--|--|
|name|2020一季报|
|发布时间|2020-03-31|
|个股|协和电子|
|报告类型|季报|
存在财务指标-营运能力如下表所示
|属性|值|
|--|--|
|name|协和电子|
|发布时间|2020-03-31|
|应收账款周转天数|无|
|流动资产周转天数|无|
|总资产周转天数|无|
|应收账款周转率|无|
|流动资产周转率|无|
|总资产周转率|无|
|应付账款周转率|无|
|存货周转天数|无|
|存货周转率|无|
存在财务指标-盈利能力如下表所示
|属性|值|
|--|--|
|name|协和电子|
|发布时间|2020-03-31|
|摊薄净资产收益率_扣除非经常损益|无|
|总资产净利率_平均|无|
|息前税后总资产报酬率_平均|无|
|毛利率|32.886271|
|净资产收益率(ROE)|1.59|
|总资产净利率_平均(含少数股东损益)|无|
|摊薄净资产收益率|无|
|净资产收益率_平均_扣除非经常损益|无|
|总资本回报率|无|
|销售净利率|14.89652|
|投入资本回报率|无|
|息税前利润率|18.632834|
|成本费用利润率|19.033126|
|净资产收益率_平均|无|
|总资产报酬率|无|
|营业利润率|17.744791|
存在财务指标-收益质量如下表所示
|属性|值|
|--|--|
|name|协和电子|
|发布时间|2020-03-31|
|经营活动净现金/归属母公司的净利润|-0.039093|
|经营性现金净流量/营业总收入|-0.00575|
|期间费用率|11.152557|
|成本费用率|78.266285|
|所得税/利润总额|15.246608|
|销售成本率|67.113728|
|经营活动净现金/销售收入|-0.00575|
存在财务指标-成长能力如下表所示
|属性|值|
|--|--|
|name|协和电子|
|发布时间|2020-03-31|
|净利润|14858056.51|
|归属母公司净利润增长率|无|
|营业总收入增长率|无|
|归母净利润|14670778.77|
|营业总收入|99741788.91|
|扣非净利润|14426482.15|
存在财务指标-常用指标如下表所示
|属性|值|
|--|--|
|name|协和电子|
|发布时间|2020-03-31|
|净利润|14858056.51|
|资产负债率|无|
|每股净资产|无|
|毛利率|32.886271|
|总资产报酬率(ROA)|无|
|经营现金流量净额|-573534.05|
|净资产收益率(ROE)|1.59|
|商誉|无|
|股东权益合计(净资产)|无|
|营业总收入|99741788.91|
|营业成本|82455157.04|
|基本每股收益|0.2223|
|销售净利率|14.89652|
|期间费用率|11.152557|
|归母净利润|14670778.77|
|每股现金流|无|
|扣非净利润|14426482.15|
存在财务指标-每股指标如下表所示
|属性|值|
|--|--|
|name|协和电子|
|发布时间|2020-03-31|
|每股资本公积金|无|
|每股净资产_最新股数|无|
|稀释每股收益|0.2223|
|每股企业自由现金流量|无|
|每股未分配利润|无|
|每股盈余公积金|无|
|每股股东自由现金流量|无|
|每股营业收入|无|
|基本每股收益|0.2223|
|每股现金流量净额|无|
|每股息税前利润|无|
|每股留存收益|无|
|摊薄每股净资产_期末股数|无|
|每股营业总收入|无|
|调整每股净资产_期末股数|无|
|每股经营现金流|无|

常用指标包括以下属性：name,发布时间,净利润,资产负债率,每股净资产,毛利率,总资产报酬率(ROA),经营现金流量净额,净资产收益率(ROE),商誉,股东权益合计(净资产),营业总收入,营业成本,基本每股收益,销售净利率,期间费用率,归母净利润,每股现金流,扣非净利润
存在常用指标，属性值为:协和电子;2020-03-31;14858056.51;无;无;32.886271;无;-573534.05;1.59;无;无;99741788.91;82455157.04;0.2223;14.89652;11.152557;14670778.77;无;14426482.15
存在财务指标-常用指标如下表所示
|属性|值|
|--|--|
|name|协和电子|
|发布时间|2020-03-31|
|净利润|14858056.51|
|资产负债率|无|
|每股净资产|无|
|毛利率|32.886271|
|总资产报酬率(ROA)|无|
|经营现金流量净额|-573534.05|
|净资产收益率(ROE)|1.59|
|商誉|无|
|股东权益合计(净资产)|无|
|营业总收入|99741788.91|
|营业成本|82455157.04|
|基本每股收益|0.2223|
|销售净利率|14.89652|
|期间费用率|11.152557|
|归母净利润|14670778.77|
|每股现金流|无|
|扣非净利润|14426482.15|

常用指标包括以下属性：name,发布时间,净利润,资产负债率,每股净资产,毛利率,总资产报酬率(ROA),经营现金流量净额,净资产收益率(ROE),商誉,股东权益合计(净资产),营业总收入,营业成本,基本每股收益,销售净利率,期间费用率,归母净利润,每股现金流,扣非净利润
存在常用指标，属性值为:光洋股份;2023-03-31;-14943134.07;52.36724;2.518373;7.31933;0.003314;-30656117.73;-0.7;无;1229581850.75;353313509.92;398819820.52;-0.02;-4.229426;13.215097;-8732333.83;-0.062307;-40103169.59
存在财务指标-常用指标如下表所示
|属性|值|
|--|--|
|name|光洋股份|
|发布时间|2023-03-31|
|净利润|-14943134.07|
|资产负债率|52.36724|
|每股净资产|2.518373|
|毛利率|7.31933|
|总资产报酬率(ROA)|0.003314|
|经营现金流量净额|-30656117.73|
|净资产收益率(ROE)|-0.7|
|商誉|无|
|股东权益合计(净资产)|1229581850.75|
|营业总收入|353313509.92|
|营业成本|398819820.52|
|基本每股收益|-0.02|
|销售净利率|-4.229426|
|期间费用率|13.215097|
|归母净利润|-8732333.83|
|每股现金流|-0.062307|
|扣非净利润|-40103169.59|
存在常用指标，属性值为:光洋股份;2022-12-31;-249065790.84;54.13824;2.535467;2.694582;-9.225545;-138464569.34;-17.81;无;1244204383.35;1487854534.55;1729875044.03;-0.476;-16.739928;12.936396;-234207336.98;-0.281425;-246544485.81
存在财务指标-常用指标如下表所示
|属性|值|
|--|--|
|name|光洋股份|
|发布时间|2022-12-31|
|净利润|-249065790.84|
|资产负债率|54.13824|
|每股净资产|2.535467|
|毛利率|2.694582|
|总资产报酬率(ROA)|-9.225545|
|经营现金流量净额|-138464569.34|
|净资产收益率(ROE)|-17.81|
|商誉|无|
|股东权益合计(净资产)|1244204383.35|
|营业总收入|1487854534.55|
|营业成本|1729875044.03|
|基本每股收益|-0.476|
|销售净利率|-16.739928|
|期间费用率|12.936396|
|归母净利润|-234207336.98|
|每股现金流|-0.281425|
|扣非净利润|-246544485.81|
航空机场在2022-12-31的板块信息如下
存在板块关系：由个股指向行业
存在板块关系：由个股指向地域
存在板块关系：由个股指向概念
存在行业如下表所示
|属性|值|
|--|--|
|name|航空机场|
|code|BK0420|
存在个股如下表所示
|属性|值|
|--|--|
|name|海航控股|
|code|600221|
存在个股如下表所示
|属性|值|
|--|--|
|name|深圳机场|
|code|000089|
存在个股如下表所示
|属性|值|
|--|--|
|name|上海机场|
|code|600009|
存在个股如下表所示
|属性|值|
|--|--|
|name|海南机场|
|code|600515|
存在个股如下表所示
|属性|值|
|--|--|
|name|华夏航空|
|code|002928|
存在个股如下表所示
|属性|值|
|--|--|
|name|南方航空|
|code|600029|
存在个股如下表所示
|属性|值|
|--|--|
|name|吉祥航空|
|code|603885|
存在个股如下表所示
|属性|值|
|--|--|
|name|中信海直|
|code|000099|
存在个股如下表所示
|属性|值|
|--|--|
|name|春秋航空|
|code|601021|
存在个股如下表所示
|属性|值|
|--|--|
|name|白云机场|
|code|600004|
存在个股如下表所示
|属性|值|
|--|--|
|name|厦门空港|
|code|600897|
存在个股如下表所示
|属性|值|
|--|--|
|name|中国国航|
|code|601111|
存在个股如下表所示
|属性|值|
|--|--|
|name|中国东航|
|code|600115|
航空机场在2023-03-31的板块信息如下
航空机场在2023-06-30的板块信息如下
包装材料在2022-12-31的板块信息如下
请注意，以下只截取了前5个属性

N赛维在2022-12-31的基本面信息如下
存在基本面关系：由个股指向财务指标
存在基本面关系：由个股指向主营构成
存在基本面关系：由个股指向十大股东
存在个股如下表所示
|属性|值|
|--|--|
|name|N赛维|
|code|301381|
存在财务指标如下表所示
|属性|值|
|--|--|
|name|2022年报|
|发布时间|2022-12-31|
|个股|N赛维|
|报告类型|年报|
存在主营构成如下表所示
|属性|值|
|--|--|
|name|N赛维|
|发布时间|2021-06-30|
存在主营构成如下表所示
|属性|值|
|--|--|
|name|N赛维|
|发布时间|2020-06-30|
存在主营构成如下表所示
|属性|值|
|--|--|
|name|N赛维|
|发布时间|2022-12-31|
存在主营构成如下表所示
|属性|值|
|--|--|
|name|N赛维|
|发布时间|2022-06-30|
存在主营构成如下表所示
|属性|值|
|--|--|
|name|N赛维|
|发布时间|2021-12-31|
存在主营构成如下表所示
|属性|值|
|--|--|
|name|N赛维|
|发布时间|2020-12-31|
存在主营构成如下表所示
|属性|值|
|--|--|
|name|N赛维|
|发布时间|2019-12-31|
存在主营构成如下表所示
|属性|值|
|--|--|
|name|N赛维|
|发布时间|2022-03-31|
存在主营构成如下表所示
|属性|值|
|--|--|
|name|N赛维|
|发布时间|2023-03-31|
存在十大股东如下表所示
|属性|值|
|--|--|
|name|N赛维|
|发布时间|2016-12-31|
存在十大股东如下表所示
|属性|值|
|--|--|
|name|N赛维|
|发布时间|2017-06-30|
N赛维在2023-03-31的基本面信息如下
存在财务指标如下表所示
|属性|值|
|--|--|
|name|2023一季报|
|发布时间|2023-03-31|
|个股|N赛维|
|报告类型|季报|
N赛维在2023-06-30的基本面信息如下
N赛维在2023-06-30的基本面信息如下
N赛维在2023-03-31的基本面信息如下
存在包含关系：由财务指标指向财务风险
存在包含关系：由财务指标指向每股指标
存在包含关系：由财务指标指向盈利能力
存在包含关系：由财务指标指向营运能力
存在包含关系：由财务指标指向常用指标
存在包含关系：由财务指标指向收益质量
存在包含关系：由财务指标指向成长能力
存在按行业分类关系：由主营构成指向主营指标
请注意，以下只截取了前5个属性
存在财务指标-每股指标如下表所示
|属性|值|
|--|--|
|name|N赛维|
|发布时间|2023-03-31|
|每股资本公积金|0.256152|
|每股净资产_最新股数|3.767075|
|稀释每股收益|0.1444|
存在财务指标-盈利能力如下表所示
|属性|值|
|--|--|
|name|N赛维|
|发布时间|2023-03-31|
|摊薄净资产收益率_扣除非经常损益|3.44811|
|总资产净利率_平均|2.213299|
|息前税后总资产报酬率_平均|2.213299|
存在财务指标-收益质量如下表所示
|属性|值|
|--|--|
|name|N赛维|
|发布时间|2023-03-31|
|经营活动净现金/归属母公司的净利润|3.915422|
|期间费用率|62.365955|
|经营性现金净流量/营业总收入|0.163624|
存在财务指标-营运能力如下表所示
|属性|值|
|--|--|
|name|N赛维|
|发布时间|2023-03-31|
|应收账款周转天数|15.510887|
|流动资产周转天数|123.43945|
|总资产周转天数|169.930384|
存在财务指标-常用指标如下表所示
|属性|值|
|--|--|
|name|N赛维|
|发布时间|2023-03-31|
|净利润|51970159.19|
|资产负债率|35.468543|
|每股净资产|4.186686|
存在财务指标-财务风险如下表所示
|属性|值|
|--|--|
|name|N赛维|
|发布时间|2023-03-31|
|保守速动比率|2.47126|
|现金比率|2.069587|
|资产负债率|35.468543|
存在财务指标-成长能力如下表所示
|属性|值|
|--|--|
|name|N赛维|
|发布时间|2023-03-31|
|净利润|51970159.19|
|归属母公司净利润增长率|32.567477|
|营业总收入增长率|22.812153|
存在主营指标如下表所示
|属性|值|
|--|--|
|name|商品销售|
|发布时间|2023-03-31|
|分类类型|按行业分类|
|个股|N赛维|
|主营收入|1210494775.88|
存在主营指标如下表所示
|属性|值|
|--|--|
|name|物流服务业务|
|发布时间|2023-03-31|
|分类类型|按行业分类|
|个股|N赛维|
|主营收入|27681502.29|
存在主营指标如下表所示
|属性|值|
|--|--|
|name|其他(补充)|
|发布时间|2023-03-31|
|分类类型|按行业分类|
|个股|N赛维|
|主营收入|5436956.22|
存在主营指标如下表所示
|属性|值|
|--|--|
|name|B2C业务|
|发布时间|2023-03-31|
|分类类型|按行业分类|
|个股|N赛维|
|主营收入|1188332497.31|
存在主营指标如下表所示
|属性|值|
|--|--|
|name|B2C业务-第三方平台|
|发布时间|2023-03-31|
|分类类型|按行业分类|
|个股|N赛维|
|主营收入|1145832720.56|
存在主营指标如下表所示
|属性|值|
|--|--|
|name|B2C业务-第三方平台-Amazon|
|发布时间|2023-03-31|
|分类类型|按行业分类|
|个股|N赛维|
|主营收入|1090298280.46|

N赛维在2022-12-31的板块信息如下
存在板块关系：由个股指向行业
存在板块关系：由个股指向地域
存在板块关系：由个股指向概念
存在个股如下表所示
|属性|值|
|--|--|
|name|N赛维|
|code|301381|
存在行业如下表所示
|属性|值|
|--|--|
|name|互联网服务|
|code|BK0447|
存在地域如下表所示
|属性|值|
|--|--|
|name|广东板块|
|code|BK0153|
存在概念如下表所示
|属性|值|
|--|--|
|name|电商概念|
|code|BK0665|
存在概念如下表所示
|属性|值|
|--|--|
|name|融资融券|
|code|BK0596|
存在概念如下表所示
|属性|值|
|--|--|
|name|跨境电商|
|code|BK1115|
存在概念如下表所示
|属性|值|
|--|--|
|name|创业板综|
|code|BK0742|
存在概念如下表所示
|属性|值|
|--|--|
|name|次新股|
|code|BK0501|
存在概念如下表所示
|属性|值|
|--|--|
|name|注册制次新股|
|code|BK0971|
N赛维在2023-03-31的板块信息如下
N赛维在2023-06-30的板块信息如下
N赛维在2023-06-30的板块信息如下
存在控股关系：由实际控制人指向个股
存在基本面关系：由个股指向财务指标
存在基本面关系：由个股指向主营构成
存在基本面关系：由个股指向十大股东
存在个股如下表所示
|属性|值|
|--|--|
|name|二三四五|
|code|002195|
存在实际控制人如下表所示
|属性|值|
|--|--|
|name|傅耀华,叶可|
|个股|二三四五|
|代码|SZ002195|
|持股比例|无|
|实际控制人|傅耀华,叶可|
存在财务指标如下表所示
|属性|值|
|--|--|
|name|2015三季报|
|发布时间|2015-09-30|
|个股|二三四五|
|报告类型|季报|
存在财务指标如下表所示
|属性|值|
|--|--|
|name|2015年报|
|发布时间|2015-12-31|
|个股|二三四五|
|报告类型|年报|
存在财务指标如下表所示
|属性|值|
|--|--|
|name|2016一季报|
|发布时间|2016-03-31|
|个股|二三四五|
|报告类型|季报|
存在财务指标如下表所示
|属性|值|
|--|--|
|name|2016二季报|
|发布时间|2016-06-30|
|个股|二三四五|
|报告类型|季报|
存在财务指标如下表所示
|属性|值|
|--|--|
|name|2016三季报|
|发布时间|2016-09-30|
|个股|二三四五|
|报告类型|季报|
存在财务指标如下表所示
|属性|值|
|--|--|
|name|2016年报|
|发布时间|2016-12-31|
|个股|二三四五|
|报告类型|年报|
存在财务指标如下表所示
|属性|值|
|--|--|
|name|2017一季报|
|发布时间|2017-03-31|
|个股|二三四五|
|报告类型|季报|
存在财务指标如下表所示
|属性|值|
|--|--|
|name|2017二季报|
|发布时间|2017-06-30|
|个股|二三四五|
|报告类型|季报|
存在财务指标如下表所示
|属性|值|
|--|--|
|name|2017三季报|
|发布时间|2017-09-30|
|个股|二三四五|
|报告类型|季报|
存在财务指标如下表所示
|属性|值|
|--|--|
|name|2017年报|
|发布时间|2017-12-31|
|个股|二三四五|
|报告类型|年报|
存在财务指标如下表所示
|属性|值|
|--|--|
|name|2018一季报|
|发布时间|2018-03-31|
|个股|二三四五|
|报告类型|季报|
存在财务指标如下表所示
|属性|值|
|--|--|
|name|2018二季报|
|发布时间|2018-06-30|
|个股|二三四五|
|报告类型|季报|
N赛维在2023-03-31的板块信息如下
N赛维在2022-12-31的板块信息如下
N赛维的板块信息如下

长电科技在2023-06-30的信息如下
长电科技在2023-03-31的信息如下
存在基本面关系：由个股指向财务指标
存在基本面关系：由个股指向主营构成
存在基本面关系：由个股指向十大股东
存在包含关系：由财务指标指向财务风险
存在包含关系：由财务指标指向每股指标
存在包含关系：由财务指标指向盈利能力
存在包含关系：由财务指标指向营运能力
存在包含关系：由财务指标指向常用指标
存在包含关系：由财务指标指向收益质量
存在包含关系：由财务指标指向成长能力
存在个股如下表所示
|属性|值|
|--|--|
|name|长电科技|
|code|600584|
存在财务指标如下表所示
|属性|值|
|--|--|
|name|2023一季报|
|发布时间|2023-03-31|
|个股|长电科技|
|报告类型|季报|
存在财务指标-每股指标如下表所示
|属性|值|
|--|--|
|name|长电科技|
|发布时间|2023-03-31|
|每股资本公积金|8.48723|
|每股净资产_最新股数|13.791284|
|稀释每股收益|0.06|
|每股企业自由现金流量|-0.455254|
|每股盈余公积金|0.128541|
|每股未分配利润|4.081999|
|每股股东自由现金流量|-0.814125|
|每股营业收入|3.293071|
|基本每股收益|0.06|
|每股现金流量净额|0.479645|
|每股息税前利润|0.111453|
|每股留存收益|4.21054|
|每股营业总收入|3.293071|
|摊薄每股净资产_期末股数|13.849204|
|调整每股净资产_期末股数|12.355789|
|每股经营现金流|0.693286|
存在财务指标-成长能力如下表所示
|属性|值|
|--|--|
|name|长电科技|
|发布时间|2023-03-31|
|净利润|109928612.98|
|归属母公司净利润增长率|-87.238783|
|营业总收入增长率|-27.992765|
|归母净利润|109928612.98|
|营业总收入|5860195186.42|
|扣非净利润|56290404.61|
存在财务指标-盈利能力如下表所示
|属性|值|
|--|--|
|name|长电科技|
|发布时间|2023-03-31|
|摊薄净资产收益率_扣除非经常损益|0.228401|
|总资产净利率_平均|0.287116|
|息前税后总资产报酬率_平均|0.287116|
|毛利率|11.841889|
|净资产收益率(ROE)|0.45|
|总资产净利率_平均(含少数股东损益)|0.287116|
|摊薄净资产收益率|0.446041|
|净资产收益率_平均_扣除非经常损益|0.228401|
|总资本回报率|0.627939|
|销售净利率|1.875852|
|投入资本回报率|0.348035|
|息税前利润率|3.384493|
|成本费用利润率|2.019315|
|净资产收益率_平均|0.446065|
|总资产报酬率|0.518027|
|营业利润率|2.464473|
存在财务指标-财务风险如下表所示
|属性|值|
|--|--|
|name|长电科技|
|发布时间|2023-03-31|
|保守速动比率|1.005819|
|现金比率|0.71783|
|资产负债率|33.689249|
|权益乘数|1.553604|
|流动比率|1.360636|
|速动比率|1.069148|
|产权比率|50.80511|
|权益乘数(含少数股权的净资产)|1.508051|
存在财务指标-收益质量如下表所示
|属性|值|
|--|--|
|name|长电科技|
|发布时间|2023-03-31|
|经营活动净现金/归属母公司的净利润|11.2231|
|经营性现金净流量/营业总收入|0.210528|
|期间费用率|4.737337|
|成本费用率|92.895448|
|所得税/利润总额|21.877984|
|销售成本率|88.15811|
|经营活动净现金/销售收入|0.210528|
存在财务指标-常用指标如下表所示
|属性|值|
|--|--|
|name|长电科技|
|发布时间|2023-03-31|
|净利润|109928612.98|
|资产负债率|33.689249|
|每股净资产|13.849204|
|毛利率|11.841889|
|总资产报酬率(ROA)|0.518027|
|经营现金流量净额|1233739882.22|
|净资产收益率(ROE)|0.45|
|商誉|2180625349.23|
|股东权益合计(净资产)|24645394276.86|
|营业总收入|5860195186.42|
|营业成本|5772321391.45|
|基本每股收益|0.06|
|销售净利率|1.875852|
|期间费用率|4.737337|
|归母净利润|109928612.98|
|每股现金流|0.693286|
|扣非净利润|56290404.61|
存在财务指标-营运能力如下表所示
|属性|值|
|--|--|
|name|长电科技|
|发布时间|2023-03-31|
|应收账款周转天数|48.328786|
|流动资产周转天数|203.104169|
|总资产周转天数|588.007898|
|应收账款周转率|1.862244|
|流动资产周转率|0.443122|
|总资产周转率|0.153059|
|存货周转天数|50.416697|
|应付账款周转率|1.142994|
|存货周转率|1.785122|
长电科技在2022-12-31的信息如下
请注意，以下只截取了前5个属性
存在财务指标-每股指标如下表所示
|属性|值|
|--|--|
|name|长电科技|
|发布时间|2022-12-31|
|每股资本公积金|8.474361|
|每股净资产_最新股数|13.789794|
|稀释每股收益|1.81|
存在财务指标-成长能力如下表所示
|属性|值|
|--|--|
|name|长电科技|
|发布时间|2022-12-31|
|净利润|3230988205.53|
|归属母公司净利润增长率|9.202505|
|营业总收入增长率|10.6864|
存在财务指标-盈利能力如下表所示
|属性|值|
|--|--|
|name|长电科技|
|发布时间|2022-12-31|
|摊薄净资产收益率_扣除非经常损益|11.483587|
|总资产净利率_平均|8.446326|
|息前税后总资产报酬率_平均|8.988997|
存在财务指标-收益质量如下表所示
|属性|值|
|--|--|
|name|长电科技|
|发布时间|2022-12-31|
|经营活动净现金/归属母公司的净利润|1.860875|
|经营性现金净流量/营业总收入|0.178083|
|期间费用率|3.584943|
存在财务指标-常用指标如下表所示
|属性|值|
|--|--|
|name|长电科技|
|发布时间|2022-12-31|
|净利润|3230988205.53|
|资产负债率|37.467263|
|每股净资产|13.847709|
存在财务指标-营运能力如下表所示
|属性|值|
|--|--|
|name|长电科技|
|发布时间|2022-12-31|
|应收账款周转天数|42.440901|
|流动资产周转天数|146.935932|
|总资产周转天数|407.888499|

长电科技在2023-06-30的信息如下
长电科技在2023-03-31的信息如下
长电科技在2022-12-31的信息如下
存在基本面关系：由个股指向财务指标
存在基本面关系：由个股指向主营构成
存在基本面关系：由个股指向十大股东
存在按行业分类关系：由主营构成指向主营指标
存在按产品分类关系：由主营构成指向主营指标
存在按地区分类关系：由主营构成指向主营指标
存在个股如下表所示
|属性|值|
|--|--|
|name|长电科技|
|code|600584|
存在主营构成如下表所示
|属性|值|
|--|--|
|name|长电科技|
|发布时间|2022-12-31|
存在主营指标如下表所示
|属性|值|
|--|--|
|name|电子元器件|
|发布时间|2022-12-31|
|分类类型|按行业分类|
|个股|长电科技|
|主营收入|33631678717.08|
|毛利率|0.168971|
|利润比例|0.987996|
|收入比例|0.996139|
|成本比例|0.997811|
|主营成本|27948894245.7|
|主营利润|5682784471.38|
存在主营指标如下表所示
|属性|值|
|--|--|
|name|其他(补充)|
|发布时间|2022-12-31|
|分类类型|按行业分类|
|个股|长电科技|
|主营收入|130349731.92|
|毛利率|0.529673|
|利润比例|0.012004|
|收入比例|0.003861|
|成本比例|0.002189|
|主营成本|61307027.29|
|主营利润|69042704.63|
存在主营指标如下表所示
|属性|值|
|--|--|
|name|芯片封测|
|发布时间|2022-12-31|
|分类类型|按产品分类|
|个股|长电科技|
|主营收入|33631678717.08|
|毛利率|0.168971|
|利润比例|0.987996|
|收入比例|0.996139|
|成本比例|0.997811|
|主营成本|27948894245.7|
|主营利润|5682784471.38|
存在主营指标如下表所示
|属性|值|
|--|--|
|name|其他(补充)|
|发布时间|2022-12-31|
|分类类型|按产品分类|
|个股|长电科技|
|主营收入|130349731.92|
|毛利率|0.529673|
|利润比例|0.012004|
|收入比例|0.003861|
|成本比例|0.002189|
|主营成本|61307027.29|
|主营利润|69042704.63|
存在主营指标如下表所示
|属性|值|
|--|--|
|name|境外销售|
|发布时间|2022-12-31|
|分类类型|按地区分类|
|个股|长电科技|
|主营收入|24823542061.08|
|毛利率|0.148705|
|利润比例|0.641776|
|收入比例|0.73525|
|成本比例|0.754445|
|主营成本|21132158939.17|
|主营利润|3691383121.91|
存在主营指标如下表所示
|属性|值|
|--|--|
|name|境内销售|
|发布时间|2022-12-31|
|分类类型|按地区分类|
|个股|长电科技|
|主营收入|8808136656.0|
|毛利率|0.226087|
|利润比例|0.346221|
|收入比例|0.260889|
|成本比例|0.243366|
|主营成本|6816735306.53|
|主营利润|1991401349.47|
存在主营指标如下表所示
|属性|值|
|--|--|
|name|其他(补充)|
|发布时间|2022-12-31|
|分类类型|按地区分类|
|个股|长电科技|
|主营收入|130349731.92|
|毛利率|0.529673|
|利润比例|0.012004|
|收入比例|0.003861|
|成本比例|0.002189|
|主营成本|61307027.29|
|主营利润|69042704.63|

长电科技在2023-06-30的信息如下
存在板块关系：由个股指向行业
存在板块关系：由个股指向地域
存在板块关系：由个股指向概念
存在个股如下表所示
|属性|值|
|--|--|
|name|长电科技|
|code|600584|
存在行业如下表所示
|属性|值|
|--|--|
|name|半导体|
|code|BK1036|
存在个股如下表所示
|属性|值|
|--|--|
|name|睿能科技|
|code|603933|
存在个股如下表所示
|属性|值|
|--|--|
|name|盈方微|
|code|000670|
存在个股如下表所示
|属性|值|
|--|--|
|name|伟测科技|
|code|688372|
存在个股如下表所示
|属性|值|
|--|--|
|name|富瀚微|
|code|300613|
存在个股如下表所示
|属性|值|
|--|--|
|name|中颖电子|
|code|300327|
存在个股如下表所示
|属性|值|
|--|--|
|name|赛微电子|
|code|300456|
存在个股如下表所示
|属性|值|
|--|--|
|name|帝奥微|
|code|688381|
存在个股如下表所示
|属性|值|
|--|--|
|name|力合微|
|code|688589|
存在个股如下表所示
|属性|值|
|--|--|
|name|思瑞浦|
|code|688536|
存在个股如下表所示
|属性|值|
|--|--|
|name|全志科技|
|code|300458|
存在个股如下表所示
|属性|值|
|--|--|
|name|冠石科技|
|code|605588|
存在个股如下表所示
|属性|值|
|--|--|
|name|美芯晟|
|code|688458|
存在个股如下表所示
|属性|值|
|--|--|
|name|芯海科技|
|code|688595|
存在个股如下表所示
|属性|值|
|--|--|
|name|华峰测控|
|code|688200|
长电科技在2023-03-31的信息如下
长电科技在2022-12-31的信息如下

常用指标包括以下属性：name,发布时间,净利润,资产负债率,每股净资产,毛利率,总资产报酬率(ROA),经营现金流量净额,净资产收益率(ROE),商誉,股东权益合计(净资产),营业总收入,营业成本,基本每股收益,销售净利率,期间费用率,归母净利润,每股现金流,扣非净利润
存在常用指标，属性值为:协和电子;2020-03-31;14858056.51;无;无;32.886271;无;-573534.05;1.59;无;无;99741788.91;82455157.04;0.2223;14.89652;11.152557;14670778.77;无;14426482.15
存在财务指标-常用指标如下表所示
|属性|值|
|--|--|
|name|协和电子|
|发布时间|2020-03-31|
|净利润|14858056.51|
|资产负债率|无|
|每股净资产|无|
|毛利率|32.886271|
|总资产报酬率(ROA)|无|
|经营现金流量净额|-573534.05|
|净资产收益率(ROE)|1.59|
|商誉|无|
|股东权益合计(净资产)|无|
|营业总收入|99741788.91|
|营业成本|82455157.04|
|基本每股收益|0.2223|
|销售净利率|14.89652|
|期间费用率|11.152557|
|归母净利润|14670778.77|
|每股现金流|无|
|扣非净利润|14426482.15|


N赛维在2022-12-31的控股信息如下
存在控股关系：由实际控制人指向个股
存在个股如下表所示
|属性|值|
|--|--|
|name|N赛维|
|code|301381|
存在实际控制人如下表所示
|属性|值|
|--|--|
|name|陈文平|
|个股|N赛维|
|代码|SZ301381|
|持股比例|无|
|实际控制人|陈文平|
N赛维在2023-03-31的控股信息如下
N赛维在2023-06-30的控股信息如下
N赛维在2023-06-30的控股信息如下
存在板块关系：由个股指向行业
存在板块关系：由个股指向地域
存在板块关系：由个股指向概念
存在行业如下表所示
|属性|值|
|--|--|
|name|互联网服务|
|code|BK0447|
存在个股如下表所示
|属性|值|
|--|--|
|name|二三四五|
|code|002195|
存在个股如下表所示
|属性|值|
|--|--|
|name|真视通|
|code|002771|
存在个股如下表所示
|属性|值|
|--|--|
|name|科远智慧|
|code|002380|
存在个股如下表所示
|属性|值|
|--|--|
|name|国网信通|
|code|600131|
存在个股如下表所示
|属性|值|
|--|--|
|name|国联股份|
|code|603613|
存在个股如下表所示
|属性|值|
|--|--|
|name|久远银海|
|code|002777|
存在个股如下表所示
|属性|值|
|--|--|
|name|太极股份|
|code|002368|
存在个股如下表所示
|属性|值|
|--|--|
|name|恒为科技|
|code|603496|
存在个股如下表所示
|属性|值|
|--|--|
|name|蜂助手|
|code|301382|
存在个股如下表所示
|属性|值|
|--|--|
|name|生 意 宝|
|code|002095|
存在个股如下表所示
|属性|值|
|--|--|
|name|辰安科技|
|code|300523|
存在个股如下表所示
|属性|值|
|--|--|
|name|亚联发展|
|code|002316|
存在个股如下表所示
|属性|值|
|--|--|
|name|虹软科技|
|code|688088|
N赛维在2023-06-30的信息如下
N赛维在2023-03-31的控股信息如下
N赛维在2023-03-31的信息如下
N赛维在2022-12-31的控股信息如下
N赛维在2022-12-31的信息如下
N赛维的控股信息如下

广发证券在2022-12-31的信息如下
存在基本面关系：由个股指向财务指标
存在基本面关系：由个股指向主营构成
存在基本面关系：由个股指向十大股东
存在包含关系：由财务指标指向财务风险
存在包含关系：由财务指标指向每股指标
存在包含关系：由财务指标指向盈利能力
存在包含关系：由财务指标指向营运能力
存在包含关系：由财务指标指向常用指标
存在包含关系：由财务指标指向收益质量
存在包含关系：由财务指标指向成长能力
存在个股如下表所示
|属性|值|
|--|--|
|name|广发证券|
|code|000776|
存在财务指标如下表所示
|属性|值|
|--|--|
|name|2022年报|
|发布时间|2022-12-31|
|个股|广发证券|
|报告类型|年报|
存在财务指标-成长能力如下表所示
|属性|值|
|--|--|
|name|广发证券|
|发布时间|2022-12-31|
|净利润|8898004175.0|
|归属母公司净利润增长率|-26.946762|
|营业总收入增长率|-26.62183|
|归母净利润|7929282812.63|
|营业总收入|25132014418.0|
|扣非净利润|7145707164.2|
存在财务指标-盈利能力如下表所示
|属性|值|
|--|--|
|name|广发证券|
|发布时间|2022-12-31|
|摊薄净资产收益率_扣除非经常损益|6.546347|
|总资产净利率_平均|1.375284|
|息前税后总资产报酬率_平均|1.543303|
|毛利率|41.571387|
|净资产收益率(ROE)|7.23|
|总资产净利率_平均(含少数股东损益)|1.543303|
|摊薄净资产收益率|7.264199|
|净资产收益率_平均_扣除非经常损益|6.653973|
|总资本回报率|无|
|销售净利率|35.405057|
|投入资本回报率|无|
|息税前利润率|无|
|成本费用利润率|无|
|净资产收益率_平均|7.383627|
|总资产报酬率|无|
|营业利润率|41.571387|
存在财务指标-每股指标如下表所示
|属性|值|
|--|--|
|name|广发证券|
|发布时间|2022-12-31|
|每股资本公积金|4.105212|
|每股净资产_最新股数|14.322841|
|稀释每股收益|1.02|
|每股企业自由现金流量|无|
|每股未分配利润|5.152308|
|每股盈余公积金|1.14587|
|每股股东自由现金流量|无|
|每股营业收入|3.297693|
|基本每股收益|1.02|
|每股现金流量净额|1.057897|
|每股息税前利润|无|
|每股留存收益|6.298178|
|每股营业总收入|3.297693|
|摊薄每股净资产_期末股数|14.322841|
|调整每股净资产_期末股数|14.11966|
|每股经营现金流|6.563599|
存在财务指标-营运能力如下表所示
|属性|值|
|--|--|
|name|广发证券|
|发布时间|2022-12-31|
|应收账款周转天数|无|
|流动资产周转天数|无|
|总资产周转天数|8258.792376|
|应收账款周转率|无|
|流动资产周转率|无|
|总资产周转率|0.043589|
|应付账款周转率|无|
|存货周转天数|无|
|存货周转率|无|
存在财务指标-收益质量如下表所示
|属性|值|
|--|--|
|name|广发证券|
|发布时间|2022-12-31|
|经营活动净现金/归属母公司的净利润|6.308485|
|经营性现金净流量/营业总收入|1.99036|
|期间费用率|无|
|成本费用率|无|
|所得税/利润总额|14.341695|
|销售成本率|58.428612|
|经营活动净现金/销售收入|1.99036|
存在财务指标-常用指标如下表所示
|属性|值|
|--|--|
|name|广发证券|
|发布时间|2022-12-31|
|净利润|8898004175.0|
|资产负债率|73.98366|
|每股净资产|14.322841|
|毛利率|41.571387|
|总资产报酬率(ROA)|无|
|经营现金流量净额|50021766929.68|
|净资产收益率(ROE)|7.23|
|商誉|2318129.79|
|股东权益合计(净资产)|124792840476.14|
|营业总收入|25132014418.0|
|营业成本|14684287402.65|
|基本每股收益|1.02|
|销售净利率|35.405057|
|期间费用率|无|
|归母净利润|7929282812.63|
|每股现金流|6.563599|
|扣非净利润|7145707164.2|
广发证券在2023-03-31的信息如下
请注意，以下只截取了前5个属性
存在财务指标-成长能力如下表所示
|属性|值|
|--|--|
|name|广发证券|
|发布时间|2023-03-31|
|净利润|2425803592.59|
|归属母公司净利润增长率|65.581386|
|营业总收入增长率|35.68741|
存在财务指标-盈利能力如下表所示
|属性|值|
|--|--|
|name|广发证券|
|发布时间|2023-03-31|
|摊薄净资产收益率_扣除非经常损益|1.912992|
|总资产净利率_平均|0.336542|
|息前税后总资产报酬率_平均|0.378527|
存在财务指标-每股指标如下表所示
|属性|值|
|--|--|
|name|广发证券|
|发布时间|2023-03-31|
|每股资本公积金|4.105212|
|每股净资产_最新股数|14.612292|
|稀释每股收益|0.27|
存在财务指标-营运能力如下表所示
|属性|值|
|--|--|
|name|广发证券|
|发布时间|2023-03-31|
|应收账款周转天数|无|
|流动资产周转天数|无|
|总资产周转天数|8904.760098|
存在财务指标-收益质量如下表所示
|属性|值|
|--|--|
|name|广发证券|
|发布时间|2023-03-31|
|经营活动净现金/归属母公司的净利润|-2.124514|
|经营性现金净流量/营业总收入|-0.707424|
|期间费用率|无|
存在财务指标-财务风险如下表所示
|属性|值|
|--|--|
|name|广发证券|
|发布时间|2023-03-31|
|保守速动比率|无|
|现金比率|无|
|资产负债率|75.761174|
存在财务指标-常用指标如下表所示
|属性|值|
|--|--|
|name|广发证券|
|发布时间|2023-03-31|
|净利润|2425803592.59|
|资产负债率|75.761174|
|每股净资产|14.612292|

股东明细包括以下属性：name,发布时间,变动比率,持股数,股东名称,增减,股份类型,占总股本持股比例,名次
存在股东明细，属性值为:浙江仙通;2022-12-31;无;95850000;李起富;不变;流通A股;35.41;1
存在股东明细如下表所示
|属性|值|
|--|--|
|name|浙江仙通|
|发布时间|2022-12-31|
|变动比率|无|
|持股数|95850000|
|股东名称|李起富|
|增减|不变|
|股份类型|流通A股|
|占总股本持股比例|35.41|
|名次|1|
存在股东明细，属性值为:浙江仙通;2022-12-31;无;45000000;台州五城产业发展有限公司;不变;流通A股;2;16.62
存在股东明细如下表所示
|属性|值|
|--|--|
|name|浙江仙通|
|发布时间|2022-12-31|
|变动比率|无|
|持股数|45000000|
|股东名称|台州五城产业发展有限公司|
|增减|不变|
|股份类型|流通A股|
|名次|2|
|占总股本持股比例|16.62|
存在股东明细，属性值为:浙江仙通;2022-12-31;无;25650000;金桂云;不变;流通A股;9.47;3
存在股东明细如下表所示
|属性|值|
|--|--|
|name|浙江仙通|
|发布时间|2022-12-31|
|变动比率|无|
|持股数|25650000|
|股东名称|金桂云|
|增减|不变|
|股份类型|流通A股|
|占总股本持股比例|9.47|
|名次|3|
存在股东明细，属性值为:浙江仙通;2022-12-31;-25.0;13500000;邵学军;-4500000;流通A股;4.99;4
存在股东明细如下表所示
|属性|值|
|--|--|
|name|浙江仙通|
|发布时间|2022-12-31|
|变动比率|-25.0|
|持股数|13500000|
|股东名称|邵学军|
|增减|-4500000|
|股份类型|流通A股|
|占总股本持股比例|4.99|
|名次|4|
存在股东明细，属性值为:浙江仙通;2022-12-31;412.57905759;9790260;前海人寿保险股份有限公司-分红保险产品;7880260;流通A股;3.62;5
存在股东明细如下表所示
|属性|值|
|--|--|
|name|浙江仙通|
|发布时间|2022-12-31|
|变动比率|412.57905759|
|持股数|9790260|
|股东名称|前海人寿保险股份有限公司-分红保险产品|
|增减|7880260|
|股份类型|流通A股|
|占总股本持股比例|3.62|
|名次|5|
存在股东明细，属性值为:浙江仙通;2022-12-31;无;2826900;兴业银行股份有限公司-华安兴安优选一年持有期混合型证券投资基金;不变;流通A股;6;1.04
存在股东明细如下表所示
|属性|值|
|--|--|
|name|浙江仙通|
|发布时间|2022-12-31|
|变动比率|无|
|持股数|2826900|
|股东名称|兴业银行股份有限公司-华安兴安优选一年持有期混合型证券投资基金|
|增减|不变|
|股份类型|流通A股|
|名次|6|
|占总股本持股比例|1.04|
存在股东明细，属性值为:浙江仙通;2022-12-31;69.02982562;2510600;陈颍权;1025300;流通A股;0.93;7
存在股东明细如下表所示
|属性|值|
|--|--|
|name|浙江仙通|
|发布时间|2022-12-31|
|变动比率|69.02982562|
|持股数|2510600|
|股东名称|陈颍权|
|增减|1025300|
|股份类型|流通A股|
|占总股本持股比例|0.93|
|名次|7|
存在股东明细，属性值为:浙江仙通;2022-12-31;无;1473900;中国工商银行股份有限公司-华安睿明两年定期开放灵活配置混合型证券投资基金;不变;流通A股;8;0.54
存在股东明细如下表所示
|属性|值|
|--|--|
|name|浙江仙通|
|发布时间|2022-12-31|
|变动比率|无|
|持股数|1473900|
|股东名称|中国工商银行股份有限公司-华安睿明两年定期开放灵活配置混合型证券投资基金|
|增减|不变|
|股份类型|流通A股|
|名次|8|
|占总股本持股比例|0.54|
存在股东明细，属性值为:浙江仙通;2022-12-31;-15.00103029;1237500;中国工商银行-华安中小盘成长混合型证券投资基金;-218400;流通A股;0.46;9
存在股东明细如下表所示
|属性|值|
|--|--|
|name|浙江仙通|
|发布时间|2022-12-31|
|变动比率|-15.00103029|
|持股数|1237500|
|股东名称|中国工商银行-华安中小盘成长混合型证券投资基金|
|增减|-218400|
|股份类型|流通A股|
|占总股本持股比例|0.46|
|名次|9|
存在股东明细，属性值为:浙江仙通;2022-12-31;无;813700;徐海燕;新进;流通A股;0.3;10
存在股东明细如下表所示
|属性|值|
|--|--|
|name|浙江仙通|
|发布时间|2022-12-31|
|变动比率|无|
|持股数|813700|
|股东名称|徐海燕|
|增减|新进|
|股份类型|流通A股|
|占总股本持股比例|0.3|
|名次|10|
存在股东明细，属性值为:浙江仙通;2023-03-31;无;78750000;台州五城产业发展有限公司;不变;流通A股;1;29.09
存在股东明细如下表所示
|属性|值|
|--|--|
|name|浙江仙通|
|发布时间|2023-03-31|
|变动比率|无|
|持股数|78750000|
|股东名称|台州五城产业发展有限公司|
|增减|不变|
|股份类型|流通A股|
|名次|1|
|占总股本持股比例|29.09|
存在股东明细，属性值为:浙江仙通;2023-03-31;无;71887500;李起富;不变;流通A股;26.55;2
存在股东明细如下表所示
|属性|值|
|--|--|
|name|浙江仙通|
|发布时间|2023-03-31|
|变动比率|无|
|持股数|71887500|
|股东名称|李起富|
|增减|不变|
|股份类型|流通A股|
|占总股本持股比例|26.55|
|名次|2|
存在股东明细，属性值为:浙江仙通;2023-03-31;无;19237500;金桂云;不变;流通A股;7.11;3
存在股东明细如下表所示
|属性|值|
|--|--|
|name|浙江仙通|
|发布时间|2023-03-31|
|变动比率|无|
|持股数|19237500|
|股东名称|金桂云|
|增减|不变|
|股份类型|流通A股|
|占总股本持股比例|7.11|
|名次|3|
存在股东明细，属性值为:浙江仙通;2023-03-31;-25.0;10125000;邵学军;-3375000;流通A股;3.74;4
存在股东明细如下表所示
|属性|值|
|--|--|
|name|浙江仙通|
|发布时间|2023-03-31|
|变动比率|-25.0|
|持股数|10125000|
|股东名称|邵学军|
|增减|-3375000|
|股份类型|流通A股|
|占总股本持股比例|3.74|
|名次|4|
存在股东明细，属性值为:浙江仙通;2023-03-31;-2.37411468;9557828;前海人寿保险股份有限公司-分红保险产品;-232432;流通A股;3.53;5
存在股东明细如下表所示
|属性|值|
|--|--|
|name|浙江仙通|
|发布时间|2023-03-31|
|变动比率|-2.37411468|
|持股数|9557828|
|股东名称|前海人寿保险股份有限公司-分红保险产品|
|增减|-232432|
|股份类型|流通A股|
|占总股本持股比例|3.53|
|名次|5|
存在股东明细，属性值为:浙江仙通;2023-03-31;11.41161475;2797100;陈颍权;286500;流通A股;1.03;6
存在股东明细如下表所示
|属性|值|
|--|--|
|name|浙江仙通|
|发布时间|2023-03-31|
|变动比率|11.41161475|
|持股数|2797100|
|股东名称|陈颍权|
|增减|286500|
|股份类型|流通A股|
|占总股本持股比例|1.03|
|名次|6|
存在股东明细，属性值为:浙江仙通;2023-03-31;-4.99840815;2685600;兴业银行股份有限公司-华安兴安优选一年持有期混合型证券投资基金;-141300;流通A股;0.99;7
存在股东明细如下表所示
|属性|值|
|--|--|
|name|浙江仙通|
|发布时间|2023-03-31|
|变动比率|-4.99840815|
|持股数|2685600|
|股东名称|兴业银行股份有限公司-华安兴安优选一年持有期混合型证券投资基金|
|增减|-141300|
|股份类型|流通A股|
|占总股本持股比例|0.99|
|名次|7|
存在股东明细，属性值为:浙江仙通;2023-03-31;无;2041398;高华-汇丰-GOLDMAN, SACHS & CO.LLC;新进;流通A股;8;0.75
存在股东明细如下表所示
|属性|值|
|--|--|
|name|浙江仙通|
|发布时间|2023-03-31|
|变动比率|无|
|持股数|2041398|
|股东名称|高华-汇丰-GOLDMAN, SACHS & CO.LLC|
|增减|新进|
|股份类型|流通A股|
|名次|8|
|占总股本持股比例|0.75|
存在股东明细，属性值为:浙江仙通;2023-03-31;无;1723300;交通银行-鹏华中国50开放式证券投资基金;新进;流通A股;9;0.64
存在股东明细如下表所示
|属性|值|
|--|--|
|name|浙江仙通|
|发布时间|2023-03-31|
|变动比率|无|
|持股数|1723300|
|股东名称|交通银行-鹏华中国50开放式证券投资基金|
|增减|新进|
|股份类型|流通A股|
|名次|9|
|占总股本持股比例|0.64|
存在股东明细，属性值为:浙江仙通;2023-03-31;无;1606500;中国银行股份有限公司-易方达供给改革灵活配置混合型证券投资基金;新进;流通A股;10;0.59
存在股东明细如下表所示
|属性|值|
|--|--|
|name|浙江仙通|
|发布时间|2023-03-31|
|变动比率|无|
|持股数|1606500|
|股东名称|中国银行股份有限公司-易方达供给改革灵活配置混合型证券投资基金|
|增减|新进|
|股份类型|流通A股|
|名次|10|
|占总股本持股比例|0.59|
浙江仙通在2023的控股信息如下
存在控股关系：由实际控制人指向个股

广发证券在2022-09的信息如下
存在板块关系：由个股指向行业
存在板块关系：由个股指向地域
存在板块关系：由个股指向概念
存在评价关系：由研报指向行业
存在评价如下表所示
|属性|值|
|--|--|
|评级|增持|
|来源|非银金融行业专题研究|
|发布时间|2022-09-29|
|上次评级|增持|
存在评价如下表所示
|属性|值|
|--|--|
|评级|中性|
|发布时间|2022-09-27|
|来源|券商板块月报|
|上次评级|中性|
存在评价如下表所示
|属性|值|
|--|--|
|评级|无|
|发布时间|2022-09-26|
|上次评级|无|
|来源|科创板三周年总结短报告|
存在评价如下表所示
|属性|值|
|--|--|
|评级|增持|
|发布时间|2022-09-26|
|上次评级|无|
|来源|非银行金融业行业周报|
存在评价如下表所示
|属性|值|
|--|--|
|评级|增持|
|发布时间|2022-09-25|
|上次评级|无|
|来源|安信非银2022年第26期周报|
存在评价如下表所示
|属性|值|
|--|--|
|评级|持有|
|来源|证券Ⅱ|
|发布时间|2022-09-20|
|上次评级|持有|
存在评价如下表所示
|属性|值|
|--|--|
|评级|增持|
|来源|证券行业2022年中报业绩综述|
|发布时间|2022-09-19|
|上次评级|增持|
存在评价如下表所示
|属性|值|
|--|--|
|评级|增持|
|发布时间|2022-09-19|
|来源|证券行业点评|
|上次评级|增持|
存在评价如下表所示
|属性|值|
|--|--|
|评级|增持|
|发布时间|2022-09-19|
|上次评级|无|
|来源|安信非银2022年第25期周报|
存在评价如下表所示
|属性|值|
|--|--|
|评级|中性|
|来源|非银行业周报（2022年第三十五期）|
|发布时间|2022-09-19|
|上次评级|中性|
存在评价如下表所示
|属性|值|
|--|--|
|评级|增持|
|发布时间|2022-09-18|
|来源|证券Ⅱ行业点评报告|
|上次评级|无|
存在评价如下表所示
|属性|值|
|--|--|
|评级|增持|
|来源|证券行业2022年9月投资策略|
|发布时间|2022-09-15|
|上次评级|增持|
存在评价如下表所示
|属性|值|
|--|--|
|评级|无|
|来源|非银金融行业日报|
|上次评级|无|
|发布时间|2022-09-13|
存在评价如下表所示
|属性|值|
|--|--|
|评级|中性|
|来源|非银行业周报（2022年第三十四期）|
|发布时间|2022-09-13|
|上次评级|中性|
请注意，以下只截取了前5个属性

广发证券在2022-09的基本面信息如下
存在基本面关系：由个股指向财务指标
存在基本面关系：由个股指向主营构成
存在基本面关系：由个股指向十大股东
存在主营构成如下表所示
|属性|值|
|--|--|
|name|广发证券|
|发布时间|2022-06-30|
存在个股如下表所示
|属性|值|
|--|--|
|name|广发证券|
|code|000776|
存在主营构成如下表所示
|属性|值|
|--|--|
|name|广发证券|
|发布时间|2022-12-31|
存在主营构成如下表所示
|属性|值|
|--|--|
|name|广发证券|
|发布时间|2021-06-30|
存在主营构成如下表所示
|属性|值|
|--|--|
|name|广发证券|
|发布时间|2021-12-31|
存在主营构成如下表所示
|属性|值|
|--|--|
|name|广发证券|
|发布时间|2020-12-31|
存在财务指标如下表所示
|属性|值|
|--|--|
|name|2022三季报|
|发布时间|2022-09-30|
|个股|广发证券|
|报告类型|季报|
存在十大股东如下表所示
|属性|值|
|--|--|
|name|广发证券|
|发布时间|1998-06-30|
存在十大股东如下表所示
|属性|值|
|--|--|
|name|广发证券|
|发布时间|1998-12-31|
存在十大股东如下表所示
|属性|值|
|--|--|
|name|广发证券|
|发布时间|1999-06-30|
存在十大股东如下表所示
|属性|值|
|--|--|
|name|广发证券|
|发布时间|1999-12-31|
存在十大股东如下表所示
|属性|值|
|--|--|
|name|广发证券|
|发布时间|2000-06-30|
存在十大股东如下表所示
|属性|值|
|--|--|
|name|广发证券|
|发布时间|2000-12-31|
存在十大股东如下表所示
|属性|值|
|--|--|
|name|广发证券|
|发布时间|2001-06-30|
存在十大股东如下表所示
|属性|值|
|--|--|
|name|广发证券|
|发布时间|2001-12-31|
存在十大股东如下表所示
|属性|值|
|--|--|
|name|广发证券|
|发布时间|2002-06-30|
广发证券在2022-09的基本面信息如下
存在包含关系：由财务指标指向财务风险
存在包含关系：由财务指标指向每股指标
存在包含关系：由财务指标指向盈利能力
存在包含关系：由财务指标指向营运能力
存在包含关系：由财务指标指向常用指标
存在包含关系：由财务指标指向收益质量
存在包含关系：由财务指标指向成长能力
存在按名次划分关系：由十大股东指向股东明细
请注意，以下只截取了前5个属性
存在财务指标-成长能力如下表所示
|属性|值|
|--|--|
|name|广发证券|
|发布时间|2022-09-30|
|净利润|5893933813.33|
|归属母公司净利润增长率|-39.423831|
|营业总收入增长率|-34.817401|
存在财务指标-盈利能力如下表所示
|属性|值|
|--|--|
|name|广发证券|
|发布时间|2022-09-30|
|摊薄净资产收益率_扣除非经常损益|4.401425|
|总资产净利率_平均|0.929621|
|息前税后总资产报酬率_平均|1.046775|
存在财务指标-每股指标如下表所示
|属性|值|
|--|--|
|name|广发证券|
|发布时间|2022-09-30|
|每股资本公积金|4.104388|
|每股净资产_最新股数|14.056259|
|稀释每股收益|0.67|
存在财务指标-营运能力如下表所示
|属性|值|
|--|--|
|name|广发证券|
|发布时间|2022-09-30|
|应收账款周转天数|无|
|流动资产周转天数|无|
|总资产周转天数|8679.681414|
存在财务指标-收益质量如下表所示
|属性|值|
|--|--|
|name|广发证券|
|发布时间|2022-09-30|
|经营活动净现金/归属母公司的净利润|3.757403|
|经营性现金净流量/营业总收入|1.122882|
|期间费用率|无|
存在财务指标-常用指标如下表所示
|属性|值|
|--|--|
|name|广发证券|
|发布时间|2022-09-30|
|净利润|5893933813.33|
|资产负债率|73.514954|
|每股净资产|14.056259|
存在股东明细如下表所示
|属性|值|
|--|--|
|name|广发证券|
|发布时间|2022-09-30|
|变动比率|无|
|持股数|1250154088|
|股东名称|辽宁成大股份有限公司|
存在股东明细如下表所示
|属性|值|
|--|--|
|name|广发证券|
|发布时间|2022-09-30|
|变动比率|4.33305346|
|持股数|77579517|
|股东名称|香港中央结算有限公司|
存在股东明细如下表所示
|属性|值|
|--|--|
|name|广发证券|
|发布时间|2022-09-30|
|变动比率|13.7187711|
|持股数|47965934|
|股东名称|中国建设银行股份有限公司-华宝中证全指证券公司交易型开放式指数证券投资基金|
存在股东明细如下表所示
|属性|值|
|--|--|
|name|广发证券|
|发布时间|2022-09-30|
|变动比率|-0.00198806|
|持股数|1700116650|
|股东名称|香港中央结算(代理人)有限公司|
存在股东明细如下表所示
|属性|值|
|--|--|
|name|广发证券|
|发布时间|2022-09-30|
|变动比率|无|
|持股数|1252297867|
|股东名称|吉林敖东药业集团股份有限公司|
存在股东明细如下表所示
|属性|值|
|--|--|
|name|广发证券|
|发布时间|2022-09-30|
|变动比率|-12.75917499|
|持股数|23733637|
|股东名称|全国社保基金一一一组合|
存在股东明细如下表所示
|属性|值|
|--|--|
|name|广发证券|
|发布时间|2022-09-30|
|变动比率|54.83190934|
|持股数|53117666|
|股东名称|全国社保基金一一八组合|

