光大证券2022-12-31的信息如下
存在基本面关系：由个股指向财务指标
存在基本面关系：由个股指向主营构成
存在基本面关系：由个股指向十大股东
存在包含关系：由财务指标指向财务风险
存在包含关系：由财务指标指向每股指标
存在包含关系：由财务指标指向盈利能力
存在包含关系：由财务指标指向营运能力
存在包含关系：由财务指标指向常用指标
存在包含关系：由财务指标指向收益质量存在个股如下表所示
|属性|值|
|--|--|
|name|光大证券|
|code|601788|
存在财务指标-成长能力如下表所示
|属性|值|
|--|--|
|name|光大证券|
|发布时间|2022-12-31|
|净利润|3240624622.37|
|归属母公司净利润增长率|-8.473916|
|营业总收入增长率|-35.476393|
存在财务指标-盈利能力如下表所示
|属性|值|
|--|--|
|name|光大证券|
|发布时间|2022-12-31|
|摊薄净资产收益率_扣除非经常损益|5.345453|
|总资产净利率_平均|1.282136|
|息前税后总资产报酬率_平均|1.302862|
存在财务指标-每股指标如下表所示
|属性|值|
|--|--|
|name|光大证券|
|发布时间|2022-12-31|
|每股资本公积金|5.248276|
|每股净资产_最新股数|11.821383|
|稀释每股收益|0.61|
存在财务指标-营运能力如下表所示
|属性|值|
|--|--|
|name|光大证券|
|发布时间|2022-12-31|
|应收账款周转天数|无|
|流动资产周转天数|无|
|总资产周转天数|8306.659931|
存在财务指标-收益质量如下表所示
|属性|值|
|--|--|
|name|光大证券|
|发布时间|2022-12-31|
|经营活动净现金/归属母公司的净利润|5.747595|
|经营性现金净流量/营业总收入|1.700374|
|期间费用率|无|
存在财务指标-常用指标如下表所示
|属性|值|
|--|--|
|name|光大证券|
|发布时间|2022-12-31|
|净利润|3240624622.37|
|资产负债率|65.800039|
|每股净资产|11.821383|
存在财务指标-成长能力如下表所示
|属性|值|
|--|--|
|name|光大证券|
|发布时间|2023-03-31|
|净利润|970273275.44|
|归属母公司净利润增长率|43.791093|
|营业总收入增长率|26.091362|
存在财务指标-盈利能力如下表所示
|属性|值|
|--|--|
|name|光大证券|
|发布时间|2023-03-31|
|摊薄净资产收益率_扣除非经常损益|1.536722|
|总资产净利率_平均|0.371722|
|息前税后总资产报酬率_平均|0.376572|
存在财务指标-每股指标如下表所示
|属性|值|
|--|--|
|name|光大证券|
|发布时间|2023-03-31|
|每股资本公积金|5.248166|
|每股净资产_最新股数|12.045667|
|稀释每股收益|0.19|
存在财务指标-营运能力如下表所示
|属性|值|
|--|--|
|name|光大证券|
|发布时间|2023-03-31|
|应收账款周转天数|无|
|流动资产周转天数|无|
|总资产周转天数|8431.935859|
存在财务指标-收益质量如下表所示
|属性|值|
|--|--|
|name|光大证券|
|发布时间|2023-03-31|
|经营活动净现金/归属母公司的净利润|2.413692|
|经营性现金净流量/营业总收入|0.840592|
|期间费用率|无|
存在财务指标-财务风险如下表所示
|属性|值|
|--|--|
|name|光大证券|
|发布时间|2023-03-31|
|保守速动比率|无|
|现金比率|无|
|资产负债率|66.068902|
存在财务指标-常用指标如下表所示
|属性|值|
|--|--|
|name|光大证券|
|发布时间|2023-03-31|
|净利润|970273275.44|
|资产负债率|66.068902|
|每股净资产|12.045667|
请注意，以下只截取了前5个属性
存在个股如下表所示
|属性|值|
|--|--|
|name|广发证券|
|code|000776|
存在财务指标-成长能力如下表所示
|属性|值|
|--|--|
|name|广发证券|
|发布时间|2022-12-31|
|净利润|8898004175.0|
|归属母公司净利润增长率|-26.946762|
|营业总收入增长率|-26.62183|
存在财务指标-盈利能力如下表所示
|属性|值|
|--|--|
|name|广发证券|
|发布时间|2022-12-31|
|摊薄净资产收益率_扣除非经常损益|6.546347|
|总资产净利率_平均|1.375284|
|息前税后总资产报酬率_平均|1.543303|
存在财务指标-每股指标如下表所示
|属性|值|
|--|--|
|name|广发证券|
|发布时间|2022-12-31|
|每股资本公积金|4.105212|
|每股净资产_最新股数|14.322841|
|稀释每股收益|1.02|
存在财务指标-营运能力如下表所示
|属性|值|
|--|--|
|name|广发证券|
|发布时间|2022-12-31|
|应收账款周转天数|无|
|流动资产周转天数|无|
|总资产周转天数|8258.792376|
存在财务指标-收益质量如下表所示
|属性|值|
|--|--|
|name|广发证券|
|发布时间|2022-12-31|
|经营活动净现金/归属母公司的净利润|6.308485|
|经营性现金净流量/营业总收入|1.99036|
|期间费用率|无|
存在财务指标-常用指标如下表所示
|属性|值|
|--|--|
|name|广发证券|
|发布时间|2022-12-31|
|净利润|8898004175.0|
|资产负债率|73.98366|
|每股净资产|14.322841|

存在实际控制人如下表所示
|属性|值|
|--|--|
|name|其实|
|个股|东方财富|
|代码|SZ300059|
|持股比例|19.31|
|实际控制人|其实|

广发证券2022-12-31的信息如下
存在基本面关系：由个股指向财务指标
存在基本面关系：由个股指向主营构成
存在基本面关系：由个股指向十大股东
存在包含关系：由财务指标指向财务风险
存在包含关系：由财务指标指向每股指标
存在包含关系：由财务指标指向盈利能力
存在包含关系：由财务指标指向营运能力
存在包含关系：由财务指标指向常用指标
存在包含关系：由财务指标指向收益质量存在个股如下表所示
|属性|值|
|--|--|
|name|广发证券|
|code|000776|
存在财务指标-成长能力如下表所示
|属性|值|
|--|--|
|name|广发证券|
|发布时间|2022-12-31|
|净利润|8898004175.0|
|归属母公司净利润增长率|-26.946762|
|营业总收入增长率|-26.62183|
|归母净利润|7929282812.63|
|营业总收入|25132014418.0|
|扣非净利润|7145707164.2|
存在财务指标-盈利能力如下表所示
|属性|值|
|--|--|
|name|广发证券|
|发布时间|2022-12-31|
|摊薄净资产收益率_扣除非经常损益|6.546347|
|总资产净利率_平均|1.375284|
|息前税后总资产报酬率_平均|1.543303|
|毛利率|41.571387|
|净资产收益率(ROE)|7.23|
|总资产净利率_平均(含少数股东损益)|1.543303|
|摊薄净资产收益率|7.264199|
|净资产收益率_平均_扣除非经常损益|6.653973|
|总资本回报率|无|
|销售净利率|35.405057|
|投入资本回报率|无|
|息税前利润率|无|
|成本费用利润率|无|
|净资产收益率_平均|7.383627|
|总资产报酬率|无|
|营业利润率|41.571387|
存在财务指标-每股指标如下表所示
|属性|值|
|--|--|
|name|广发证券|
|发布时间|2022-12-31|
|每股资本公积金|4.105212|
|每股净资产_最新股数|14.322841|
|稀释每股收益|1.02|
|每股企业自由现金流量|无|
|每股未分配利润|5.152308|
|每股盈余公积金|1.14587|
|每股股东自由现金流量|无|
|每股营业收入|3.297693|
|基本每股收益|1.02|
|每股现金流量净额|1.057897|
|每股息税前利润|无|
|每股留存收益|6.298178|
|每股营业总收入|3.297693|
|摊薄每股净资产_期末股数|14.322841|
|调整每股净资产_期末股数|14.11966|
|每股经营现金流|6.563599|
存在财务指标-营运能力如下表所示
|属性|值|
|--|--|
|name|广发证券|
|发布时间|2022-12-31|
|应收账款周转天数|无|
|流动资产周转天数|无|
|总资产周转天数|8258.792376|
|应收账款周转率|无|
|流动资产周转率|无|
|总资产周转率|0.043589|
|应付账款周转率|无|
|存货周转天数|无|
|存货周转率|无|
存在财务指标-收益质量如下表所示
|属性|值|
|--|--|
|name|广发证券|
|发布时间|2022-12-31|
|经营活动净现金/归属母公司的净利润|6.308485|
|经营性现金净流量/营业总收入|1.99036|
|期间费用率|无|
|成本费用率|无|
|所得税/利润总额|14.341695|
|销售成本率|58.428612|
|经营活动净现金/销售收入|1.99036|
存在财务指标-常用指标如下表所示
|属性|值|
|--|--|
|name|广发证券|
|发布时间|2022-12-31|
|净利润|8898004175.0|
|资产负债率|73.98366|
|每股净资产|14.322841|
|毛利率|41.571387|
|总资产报酬率(ROA)|无|
|经营现金流量净额|50021766929.68|
|净资产收益率(ROE)|7.23|
|商誉|2318129.79|
|股东权益合计(净资产)|124792840476.14|
|营业总收入|25132014418.0|
|营业成本|14684287402.65|
|基本每股收益|1.02|
|销售净利率|35.405057|
|期间费用率|无|
|归母净利润|7929282812.63|
|每股现金流|6.563599|
|扣非净利润|7145707164.2|

广发证券2022-12-31的信息如下
存在基本面关系：由个股指向财务指标
存在基本面关系：由个股指向主营构成
存在基本面关系：由个股指向十大股东
存在包含关系：由财务指标指向财务风险
存在包含关系：由财务指标指向每股指标
存在包含关系：由财务指标指向盈利能力
存在包含关系：由财务指标指向营运能力
存在包含关系：由财务指标指向常用指标
存在包含关系：由财务指标指向收益质量存在个股如下表所示
|属性|值|
|--|--|
|name|广发证券|
|code|000776|
存在财务指标-成长能力如下表所示
|属性|值|
|--|--|
|name|广发证券|
|发布时间|2022-12-31|
|净利润|8898004175.0|
|归属母公司净利润增长率|-26.946762|
|营业总收入增长率|-26.62183|
存在财务指标-盈利能力如下表所示
|属性|值|
|--|--|
|name|广发证券|
|发布时间|2022-12-31|
|摊薄净资产收益率_扣除非经常损益|6.546347|
|总资产净利率_平均|1.375284|
|息前税后总资产报酬率_平均|1.543303|
存在财务指标-每股指标如下表所示
|属性|值|
|--|--|
|name|广发证券|
|发布时间|2022-12-31|
|每股资本公积金|4.105212|
|每股净资产_最新股数|14.322841|
|稀释每股收益|1.02|
存在财务指标-营运能力如下表所示
|属性|值|
|--|--|
|name|广发证券|
|发布时间|2022-12-31|
|应收账款周转天数|无|
|流动资产周转天数|无|
|总资产周转天数|8258.792376|
存在财务指标-收益质量如下表所示
|属性|值|
|--|--|
|name|广发证券|
|发布时间|2022-12-31|
|经营活动净现金/归属母公司的净利润|6.308485|
|经营性现金净流量/营业总收入|1.99036|
|期间费用率|无|
存在财务指标-常用指标如下表所示
|属性|值|
|--|--|
|name|广发证券|
|发布时间|2022-12-31|
|净利润|8898004175.0|
|资产负债率|73.98366|
|每股净资产|14.322841|
存在财务指标-成长能力如下表所示
|属性|值|
|--|--|
|name|广发证券|
|发布时间|2021-12-31|
|净利润|12054905631.21|
|归属母公司净利润增长率|8.128809|
|营业总收入增长率|17.481613|
存在财务指标-盈利能力如下表所示
|属性|值|
|--|--|
|name|广发证券|
|发布时间|2021-12-31|
|摊薄净资产收益率_扣除非经常损益|9.600804|
|总资产净利率_平均|2.185423|
|息前税后总资产报酬率_平均|2.427197|
存在财务指标-每股指标如下表所示
|属性|值|
|--|--|
|name|广发证券|
|发布时间|2021-12-31|
|每股资本公积金|4.10489|
|每股净资产_最新股数|13.859505|
|稀释每股收益|1.42|
存在财务指标-营运能力如下表所示
|属性|值|
|--|--|
|name|广发证券|
|发布时间|2021-12-31|
|应收账款周转天数|无|
|流动资产周转天数|无|
|总资产周转天数|5220.364449|
存在财务指标-收益质量如下表所示
|属性|值|
|--|--|
|name|广发证券|
|发布时间|2021-12-31|
|经营活动净现金/归属母公司的净利润|-2.517332|
|经营性现金净流量/营业总收入|-0.797764|
|期间费用率|无|
存在财务指标-常用指标如下表所示
|属性|值|
|--|--|
|name|广发证券|
|发布时间|2021-12-31|
|净利润|12054905631.21|
|资产负债率|72.917433|
|每股净资产|13.859505|

东方财富2022-12-31的信息如下
存在基本面关系：由个股指向财务指标
存在基本面关系：由个股指向主营构成
存在基本面关系：由个股指向十大股东
存在包含关系：由财务指标指向财务风险
存在包含关系：由财务指标指向每股指标
存在包含关系：由财务指标指向盈利能力
存在包含关系：由财务指标指向营运能力
存在包含关系：由财务指标指向常用指标
存在包含关系：由财务指标指向收益质量存在个股如下表所示
|属性|值|
|--|--|
|name|东方财富|
|code|300059|
存在财务指标-成长能力如下表所示
|属性|值|
|--|--|
|name|东方财富|
|发布时间|2022-12-31|
|净利润|8509461233.33|
|归属母公司净利润增长率|-0.508205|
|营业总收入增长率|-4.648917|
存在财务指标-盈利能力如下表所示
|属性|值|
|--|--|
|name|东方财富|
|发布时间|2022-12-31|
|摊薄净资产收益率_扣除非经常损益|12.590353|
|总资产净利率_平均|4.287951|
|息前税后总资产报酬率_平均|4.358735|
存在财务指标-每股指标如下表所示
|属性|值|
|--|--|
|name|东方财富|
|发布时间|2022-12-31|
|每股资本公积金|1.973232|
|每股净资产_最新股数|4.109521|
|稀释每股收益|0.65|
存在财务指标-营运能力如下表所示
|属性|值|
|--|--|
|name|东方财富|
|发布时间|2022-12-31|
|应收账款周转天数|111.511932|
|流动资产周转天数|5183.365642|
|总资产周转天数|5721.976672|
存在财务指标-收益质量如下表所示
|属性|值|
|--|--|
|name|东方财富|
|发布时间|2022-12-31|
|经营活动净现金/归属母公司的净利润|0.150123|
|经营性现金净流量/营业总收入|0.102315|
|期间费用率|56.294246|
存在财务指标-常用指标如下表所示
|属性|值|
|--|--|
|name|东方财富|
|发布时间|2022-12-31|
|净利润|8509461233.33|
|资产负债率|69.244648|
|每股净资产|4.931425|
存在财务指标-成长能力如下表所示
|属性|值|
|--|--|
|name|东方财富|
|发布时间|2021-12-31|
|净利润|8552927696.06|
|归属母公司净利润增长率|79.002511|
|营业总收入增长率|58.939489|
存在财务指标-盈利能力如下表所示
|属性|值|
|--|--|
|name|东方财富|
|发布时间|2021-12-31|
|摊薄净资产收益率_扣除非经常损益|20.055942|
|总资产净利率_平均|5.791743|
|息前税后总资产报酬率_平均|6.064489|
存在财务指标-每股指标如下表所示
|属性|值|
|--|--|
|name|东方财富|
|发布时间|2021-12-31|
|每股资本公积金|1.298586|
|每股净资产_最新股数|2.653958|
|稀释每股收益|0.69|
存在财务指标-营运能力如下表所示
|属性|值|
|--|--|
|name|东方财富|
|发布时间|2021-12-31|
|应收账款周转天数|84.767271|
|流动资产周转天数|3694.723024|
|总资产周转天数|4059.990555|
存在财务指标-收益质量如下表所示
|属性|值|
|--|--|
|name|东方财富|
|发布时间|2021-12-31|
|经营活动净现金/归属母公司的净利润|1.049261|
|经营性现金净流量/营业总收入|0.685355|
|期间费用率|48.854029|
存在财务指标-常用指标如下表所示
|属性|值|
|--|--|
|name|东方财富|
|发布时间|2021-12-31|
|净利润|8552927696.06|
|资产负债率|76.197072|
|每股净资产|4.059663|

广发证券2023-03的基本面信息如下
存在基本面关系：由个股指向财务指标
存在基本面关系：由个股指向主营构存在个股如下表所示
|属性|值|
|--|--|
|name|广发证券|
|code|000776|
广发证券2023-03的基本面信息如下
存在包含关系：由财务指标指向财务风险
存在包含关系：由财务指标指向每股指标
存在包含关系：由财务指标指向盈利能力
存在包含关系：由财务指标指向营运能力
存在包含关系：由财务指标指向常用指标
存在包含关系：由财务指标指向收益质量
存在包含关系：由财务指标指向成长能力
存在请注意，以下只截取了前5个属性
存在财务指标-成长能力如下表所示
|属性|值|
|--|--|
|name|广发证券|
|发布时间|2023-03-31|
|净利润|2425803592.59|
|归属母公司净利润增长率|65.581386|
|营业总收入增长率|35.68741|
存在财务指标-盈利能力如下表所示
|属性|值|
|--|--|
|name|广发证券|
|发布时间|2023-03-31|
|摊薄净资产收益率_扣除非经常损益|1.912992|
|总资产净利率_平均|0.336542|
|息前税后总资产报酬率_平均|0.378527|
存在财务指标-每股指标如下表所示
|属性|值|
|--|--|
|name|广发证券|
|发布时间|2023-03-31|
|每股资本公积金|4.105212|
|每股净资产_最新股数|14.612292|
|稀释每股收益|0.27|
存在财务指标-营运能力如下表所示
|属性|值|
|--|--|
|name|广发证券|
|发布时间|2023-03-31|
|应收账款周转天数|无|
|流动资产周转天数|无|
|总资产周转天数|8904.760098|
存在财务指标-收益质量如下表所示
|属性|值|
|--|--|
|name|广发证券|
|发布时间|2023-03-31|
|经营活动净现金/归属母公司的净利润|-2.124514|
|经营性现金净流量/营业总收入|-0.707424|
|期间费用率|无|
存在财务指标-财务风险如下表所示
|属性|值|
|--|--|
|name|广发证券|
|发布时间|2023-03-31|
|保守速动比率|无|
|现金比率|无|
|资产负债率|75.761174|
存在财务指标-常用指标如下表所示
|属性|值|
|--|--|
|name|广发证券|
|发布时间|2023-03-31|
|净利润|2425803592.59|
|资产负债率|75.761174|
|每股净资产|14.612292|
存在股东明细如下表所示
|属性|值|
|--|--|
|name|广发证券|
|发布时间|2023-03-31|
|变动比率|4.08426608|
|持股数|63137113|
|股东名称|中国建设银行股份有限公司-国泰中证全指证券公司交易型开放式指数证券投资基金|
存在股东明细如下表所示
|属性|值|
|--|--|
|name|广发证券|
|发布时间|2023-03-31|
|变动比率|-0.00030585|
|持股数|1700147050|
|股东名称|香港中央结算(代理人)有限公司|
存在股东明细如下表所示
|属性|值|
|--|--|
|name|广发证券|
|发布时间|2023-03-31|
|变动比率|无|
|持股数|686754216|
|股东名称|中山公用事业集团股份有限公司|
存在股东明细如下表所示
|属性|值|
|--|--|
|name|广发证券|
|发布时间|2023-03-31|
|变动比率|32.76958957|
|持股数|72891920|
|股东名称|全国社保基金一一八组合|
存在股东明细如下表所示
|属性|值|
|--|--|
|name|广发证券|
|发布时间|2023-03-31|
|变动比率|无|
|持股数|1250154088|
|股东名称|辽宁成大股份有限公司|
存在股东明细如下表所示
|属性|值|
|--|--|
|name|广发证券|
|发布时间|2023-03-31|
|变动比率|无|
|持股数|29224353|
|股东名称|华夏人寿保险股份有限公司-自有资金|

医疗服务2022的信息如下
存在板块关系：由个股指向行业
存在板块关系：由个股指向地域
存存在行业如下表所示
|属性|值|
|--|--|
|name|医疗服务|
|code|BK0727|
存在个股如下表所示
|属性|值|
|--|--|
|name|美年健康|
|code|002044|
存在个股如下表所示
|属性|值|
|--|--|
|name|健麾信息|
|code|605186|
存在个股如下表所示
|属性|值|
|--|--|
|name|润达医疗|
|code|603108|
存在个股如下表所示
|属性|值|
|--|--|
|name|三博脑科|
|code|301293|
存在个股如下表所示
|属性|值|
|--|--|
|name|新里程|
|code|002219|
存在个股如下表所示
|属性|值|
|--|--|
|name|何氏眼科|
|code|301103|
存在个股如下表所示
|属性|值|
|--|--|
|name|创新医疗|
|code|002173|
存在个股如下表所示
|属性|值|
|--|--|
|name|诺思格|
|code|301333|
存在个股如下表所示
|属性|值|
|--|--|
|name|盈康生命|
|code|300143|
存在个股如下表所示
|属性|值|
|--|--|
|name|普瑞眼科|
|code|301239|
存在个股如下表所示
|属性|值|
|--|--|
|name|成都先导|
|code|688222|
存在个股如下表所示
|属性|值|
|--|--|
|name|嘉和美康|
|code|688246|
存在个股如下表所示
|属性|值|
|--|--|
|name|诺禾致源|
|code|688315|
存在个股如下表所示
|属性|值|
|--|--|
|name|华厦眼科|
|code|301267|
存在个股如下表所示
|属性|值|
|--|--|
|name|国际医学|
|code|000516|

化学制药2022的信息如下
存在板块关系：由个股指向行业
存在板块关系：由个股指向地域
存在板块关系：由个股指向概念
存在控股关系：由实际控制人指向个股
存在基本面关系：由个股指向财务指标
存在基本面关系：由个股指向主营构成
存在基本面关系：由个股指向十大股东
存在按名次划分关存在行业如下表所示
|属性|值|
|--|--|
|name|化学制药|
|code|BK0465|
存在个股如下表所示
|属性|值|
|--|--|
|name|吉贝尔|
|code|688566|
存在实际控制人如下表所示
|属性|值|
|--|--|
|name|耿仲毅|
|个股|吉贝尔|
|代码|SH688566|
|持股比例|13.16|
|实际控制人|耿仲毅|
存在股东明细如下表所示
|属性|值|
|--|--|
|name|吉贝尔|
|发布时间|2022-09-30|
|持股数|16320000|
|变动比率|无|
|股东名称|南通汇吉科技发展有限公司|
|增减|不变|
|股份类型|流通A股|
|占总股本持股比例|8.73|
|名次|5|
存在股东明细如下表所示
|属性|值|
|--|--|
|name|吉贝尔|
|发布时间|2022-09-30|
|持股数|27200000|
|变动比率|无|
|股东名称|南通汇瑞投资有限公司|
|增减|不变|
|股份类型|限售流通A股|
|占总股本持股比例|14.55|
|名次|2|
存在股东明细如下表所示
|属性|值|
|--|--|
|name|吉贝尔|
|发布时间|2022-09-30|
|持股数|1180136|
|变动比率|2.16424733|
|股东名称|郭军|
|增减|25000|
|股份类型|流通A股|
|名次|8|
|占总股本持股比例|0.63|
存在股东明细如下表所示
|属性|值|
|--|--|
|name|吉贝尔|
|发布时间|2022-09-30|
|持股数|561889|
|变动比率|无|
|股东名称|袁爱民|
|增减|新进|
|股份类型|流通A股|
|名次|9|
|占总股本持股比例|0.3|
存在股东明细如下表所示
|属性|值|
|--|--|
|name|吉贝尔|
|发布时间|2022-09-30|
|持股数|2614153|
|变动比率|无|
|股东名称|恒历(山东)私募基金管理有限公司-恒历舜风一号私募证券投资基金|
|增减|新进|
|股份类型|流通A股|
|占总股本持股比例|1.4|
|名次|7|
存在股东明细如下表所示
|属性|值|
|--|--|
|name|吉贝尔|
|发布时间|2022-09-30|
|持股数|17680000|
|变动比率|无|
|股东名称|胡涛|
|增减|不变|
|股份类型|流通A股|
|名次|4|
|占总股本持股比例|9.46|
存在股东明细如下表所示
|属性|值|
|--|--|
|name|吉贝尔|
|发布时间|2022-09-30|
|持股数|24606200|
|变动比率|无|
|股东名称|耿仲毅|
|增减|不变|
|股份类型|限售流通A股|
|占总股本持股比例|13.16|
|名次|3|
存在股东明细如下表所示
|属性|值|
|--|--|
|name|吉贝尔|
|发布时间|2022-09-30|
|持股数|500173|
|变动比率|无|
|股东名称|许伟|
|增减|不变|
|股份类型|流通A股|
|名次|10|
|占总股本持股比例|0.27|
存在股东明细如下表所示
|属性|值|
|--|--|
|name|吉贝尔|
|发布时间|2022-09-30|
|持股数|54400000|
|变动比率|无|
|股东名称|镇江中天投资咨询有限责任公司|
|增减|不变|
|股份类型|限售流通A股|
|占总股本持股比例|29.1|
|名次|1|
存在股东明细如下表所示
|属性|值|
|--|--|
|name|吉贝尔|
|发布时间|2022-09-30|
|持股数|4673540|
|变动比率|无|
|股东名称|国金证券-中信银行-国金证券吉贝尔高管参与科创板战略配售1号集合资产管理计划|
|增减|不变|
|股份类型|流通A股|
|占总股本持股比例|2.5|
|名次|6|
存在股东明细如下表所示
|属性|值|
|--|--|
|name|吉贝尔|
|发布时间|2022-06-30|
|持股数|325993|
|变动比率|无|
|股东名称|贾放鸣|
|增减|新进|
|股份类型|流通A股|
|名次|10|
|占总股本持股比例|0.17|

化学制药2022的板块信息如下
存在板块关系：由个股指向行业
存在板块关系：由个股指向地域存在个股如下表所示
|属性|值|
|--|--|
|name|N赛维|
|code|301381|
存在地域如下表所示
|属性|值|
|--|--|
|name|广东板块|
|code|BK0153|
存在个股如下表所示
|属性|值|
|--|--|
|name|海普瑞|
|code|002399|
存在行业如下表所示
|属性|值|
|--|--|
|name|化学制药|
|code|BK0465|
存在个股如下表所示
|属性|值|
|--|--|
|name|健康元|
|code|600380|
存在个股如下表所示
|属性|值|
|--|--|
|name|丽珠集团|
|code|000513|
存在个股如下表所示
|属性|值|
|--|--|
|name|润都股份|
|code|002923|
存在个股如下表所示
|属性|值|
|--|--|
|name|易瑞生物|
|code|300942|
存在个股如下表所示
|属性|值|
|--|--|
|name|信立泰|
|code|002294|
存在个股如下表所示
|属性|值|
|--|--|
|name|一品红|
|code|300723|
存在个股如下表所示
|属性|值|
|--|--|
|name|赛隆药业|
|code|002898|
存在个股如下表所示
|属性|值|
|--|--|
|name|溢多利|
|code|300381|
存在个股如下表所示
|属性|值|
|--|--|
|name|微芯生物|
|code|688321|
存在个股如下表所示
|属性|值|
|--|--|
|name|翰宇药业|
|code|300199|
存在个股如下表所示
|属性|值|
|--|--|
|name|N国科恒|
|code|301370|
存在地域如下表所示
|属性|值|
|--|--|
|name|北京板块|
|code|BK0150|
存在个股如下表所示
|属性|值|
|--|--|
|name|中 关 村|
|code|000931|
存在个股如下表所示
|属性|值|
|--|--|
|name|星昊医药|
|code|430017|
存在个股如下表所示
|属性|值|
|--|--|
|name|华润双鹤|
|code|600062|
存在个股如下表所示
|属性|值|
|--|--|
|name|奥赛康|
|code|002755|


中国中免2022-12-31的基本面信息如下
存在基本面关系：由个股指向财务指标
存在基本面关系：由个股指向存在个股如下表所示
|属性|值|
|--|--|
|name|中国中免|
|code|601888|
中国中免2022-12-31的基本面信息如下
存在包含关系：由财务指标指向财务风险
存在包含关系：由财务指标指向每股指标
存在包含关系：由财务指标指向盈利能力
存在包含关系：由财务指标指向营运能力
存在包含关系：由财务指标指向常用指标
存在包含关系：由财务指标指向收益质量
存在包含关系：由财务指标指向成长能力
存在按行业分类关系：由主营构成指向主营指标
存在按产品分类关系：由主营构成指向主营指标请注意，以下只截取了前5个属性
存在财务指标-成长能力如下表所示
|属性|值|
|--|--|
|name|中国中免|
|发布时间|2022-12-31|
|净利润|6188249974.43|
|归属母公司净利润增长率|-47.891888|
|营业总收入增长率|-19.56788|
存在财务指标-盈利能力如下表所示
|属性|值|
|--|--|
|name|中国中免|
|发布时间|2022-12-31|
|摊薄净资产收益率_扣除非经常损益|10.091122|
|总资产净利率_平均|7.65768|
|息前税后总资产报酬率_平均|9.71588|
存在财务指标-每股指标如下表所示
|属性|值|
|--|--|
|name|中国中免|
|发布时间|2022-12-31|
|每股资本公积金|8.452197|
|每股净资产_最新股数|23.478352|
|稀释每股收益|2.5277|
存在财务指标-营运能力如下表所示
|属性|值|
|--|--|
|name|中国中免|
|发布时间|2022-12-31|
|应收账款周转天数|0.850804|
|流动资产周转天数|316.6193|
|总资产周转天数|434.455282|
存在财务指标-收益质量如下表所示
|属性|值|
|--|--|
|name|中国中免|
|发布时间|2022-12-31|
|经营活动净现金/归属母公司的净利润|-0.678923|
|经营性现金净流量/营业总收入|-0.062742|
|期间费用率|11.870553|
存在财务指标-常用指标如下表所示
|属性|值|
|--|--|
|name|中国中免|
|发布时间|2022-12-31|
|净利润|6188249974.43|
|资产负债率|28.69303|
|每股净资产|23.478352|
存在主营指标如下表所示
|属性|值|
|--|--|
|name|商品销售业|
|发布时间|2022-12-31|
|分类类型|按行业分类|
|个股|中国中免|
|主营收入|54005609310.0|
存在主营指标如下表所示
|属性|值|
|--|--|
|name|其他(补充)|
|发布时间|2022-12-31|
|分类类型|按行业分类|
|个股|中国中免|
|主营收入|427242077.25|
存在主营指标如下表所示
|属性|值|
|--|--|
|name|有税商品销售|
|发布时间|2022-12-31|
|分类类型|按产品分类|
|个股|中国中免|
|主营收入|27973584484.9|
存在主营指标如下表所示
|属性|值|
|--|--|
|name|免税商品销售|
|发布时间|2022-12-31|
|分类类型|按产品分类|
|个股|中国中免|
|主营收入|26032024825.1|
存在主营指标如下表所示
|属性|值|
|--|--|
|name|其他(补充)|
|发布时间|2022-12-31|
|分类类型|按产品分类|
|个股|中国中免|
|主营收入|427242077.25|
存在主营指标如下表所示
|属性|值|
|--|--|
|name|海南地区|
|发布时间|2022-12-31|
|分类类型|按地区分类|
|个股|中国中免|
|主营收入|34705413129.43|
存在主营指标如下表所示
|属性|值|
|--|--|
|name|上海地区|
|发布时间|2022-12-31|
|分类类型|按地区分类|
|个股|中国中免|
|主营收入|14144707619.74|

泸州老窖2022-12-31的信息如下
存在基本面关系：由个股指向财务指标
存在基本面关系：由个股指向主营构成
存在基本面关系：由个股指向十大股东
存在包含关系：由财务指标指向财务风险
存在包含关系：由财务指标指向每股指标
存在包含关系：由财务指标指向盈利能力
存在包含关系：由财务指标指向营运能力
存在包含关系：由财务指标指向常用指标
存在包含关系：由财务指标指向收益质量存在个股如下表所示
|属性|值|
|--|--|
|name|泸州老窖|
|code|000568|
存在财务指标-成长能力如下表所示
|属性|值|
|--|--|
|name|泸州老窖|
|发布时间|2022-12-31|
|净利润|10410589104.43|
|归属母公司净利润增长率|30.29115|
|营业总收入增长率|21.709353|
存在财务指标-盈利能力如下表所示
|属性|值|
|--|--|
|name|泸州老窖|
|发布时间|2022-12-31|
|摊薄净资产收益率_扣除非经常损益|30.172825|
|总资产净利率_平均|21.914763|
|息前税后总资产报酬率_平均|22.499509|
存在财务指标-每股指标如下表所示
|属性|值|
|--|--|
|name|泸州老窖|
|发布时间|2022-12-31|
|每股资本公积金|3.261206|
|每股净资产_最新股数|23.239235|
|稀释每股收益|7.06|
存在财务指标-营运能力如下表所示
|属性|值|
|--|--|
|name|泸州老窖|
|发布时间|2022-12-31|
|应收账款周转天数|0.054219|
|流动资产周转天数|430.785781|
|总资产周转天数|677.750493|
存在财务指标-收益质量如下表所示
|属性|值|
|--|--|
|name|泸州老窖|
|发布时间|2022-12-31|
|经营活动净现金/归属母公司的净利润|0.797138|
|经营性现金净流量/营业总收入|0.32888|
|期间费用率|17.214183|
存在财务指标-常用指标如下表所示
|属性|值|
|--|--|
|name|泸州老窖|
|发布时间|2022-12-31|
|净利润|10410589104.43|
|资产负债率|33.19359|
|每股净资产|23.240699|
存在财务指标-成长能力如下表所示
|属性|值|
|--|--|
|name|泸州老窖|
|发布时间|2021-12-31|
|净利润|7937262386.93|
|归属母公司净利润增长率|32.46622|
|营业总收入增长率|23.956296|
存在财务指标-盈利能力如下表所示
|属性|值|
|--|--|
|name|泸州老窖|
|发布时间|2021-12-31|
|摊薄净资产收益率_扣除非经常损益|28.118097|
|总资产净利率_平均|20.341227|
|息前税后总资产报酬率_平均|20.798375|
存在财务指标-每股指标如下表所示
|属性|值|
|--|--|
|name|泸州老窖|
|发布时间|2021-12-31|
|每股资本公积金|2.563815|
|每股净资产_最新股数|19.049239|
|稀释每股收益|5.43|
存在财务指标-营运能力如下表所示
|属性|值|
|--|--|
|name|泸州老窖|
|发布时间|2021-12-31|
|应收账款周转天数|0.027346|
|流动资产周转天数|405.174103|
|总资产周转天数|682.085017|
存在财务指标-收益质量如下表所示
|属性|值|
|--|--|
|name|泸州老窖|
|发布时间|2021-12-31|
|经营活动净现金/归属母公司的净利润|0.967707|
|经营性现金净流量/营业总收入|0.372955|
|期间费用率|21.501723|
存在财务指标-常用指标如下表所示
|属性|值|
|--|--|
|name|泸州老窖|
|发布时间|2021-12-31|
|净利润|7937262386.93|
|资产负债率|34.885209|
|每股净资产|19.143334|
请注意，以下只截取了前5个属性
存在个股如下表所示
|属性|值|
|--|--|
|name|洋河股份|
|code|002304|
存在财务指标-成长能力如下表所示
|属性|值|
|--|--|
|name|洋河股份|
|发布时间|2022-12-31|
|净利润|9389398171.49|
|归属母公司净利润增长率|24.909811|
|营业总收入增长率|18.756152|
存在财务指标-盈利能力如下表所示
|属性|值|
|--|--|
|name|洋河股份|
|发布时间|2022-12-31|
|摊薄净资产收益率_扣除非经常损益|19.540084|
|总资产净利率_平均|13.815009|
|息前税后总资产报酬率_平均|13.841743|
存在财务指标-每股指标如下表所示
|属性|值|
|--|--|
|name|洋河股份|
|发布时间|2022-12-31|
|每股资本公积金|0.600303|
|每股净资产_最新股数|31.503201|
|稀释每股收益|6.2251|
存在财务指标-营运能力如下表所示
|属性|值|
|--|--|
|name|洋河股份|
|发布时间|2022-12-31|
|应收账款周转天数|0.277375|
|流动资产周转天数|605.543594|
|总资产周转天数|811.739428|
存在财务指标-收益质量如下表所示
|属性|值|
|--|--|
|name|洋河股份|
|发布时间|2022-12-31|
|经营活动净现金/归属母公司的净利润|0.388962|
|经营性现金净流量/营业总收入|0.121163|
|期间费用率|18.197518|
存在财务指标-常用指标如下表所示
|属性|值|
|--|--|
|name|洋河股份|
|发布时间|2022-12-31|
|净利润|9389398171.49|
|资产负债率|30.074339|
|每股净资产|31.503201|

存在实际控制人如下表所示
|属性|值|
|--|--|
|name|江南春|
|个股|分众传媒|
|代码|SZ002027|
|持股比例|无|
|实际控制人|江南春|

存在财务指标-常用指标如下表所示
|属性|值|
|--|--|
|name|贵州茅台|
|发布时间|2022-12-31|
|净利润|65375136766.75|
|资产负债率|19.420971|
|每股净资产|157.225774|
|毛利率|91.866654|
|总资产报酬率(ROA)|34.428982|
|经营现金流量净额|36698595830.03|
|净资产收益率(ROE)|30.26|
|商誉|无|
|股东权益合计(净资产)|204964688254.08|
|营业总收入|127553959355.97|
|营业成本|39748309616.85|
|基本每股收益|49.93|
|销售净利率|52.679467|
|期间费用率|8.797843|
|归母净利润|62716443738.27|
|每股现金流|29.214026|
|扣非净利润|62791872697.72|

协和电子2020-03-31的信息如下
存在基本面关系：由个股指向财务指标
存在基本面关系：由个股指向主营构成
存在基本面关系：由个股指向十大股东
存在包含关系：由财务指标指向财务风险
存在包含关系：由财务指标指向每股指标
存在包含关系：由财务指标指向盈利能力
存在包含关系：由财务指标指向营运能力
存在包含关系：由财务指标指向常用指标
存在包含关系：由财务指标指向收益质量存在个股如下表所示
|属性|值|
|--|--|
|name|协和电子|
|code|605258|
存在财务指标-营运能力如下表所示
|属性|值|
|--|--|
|name|协和电子|
|发布时间|2020-03-31|
|应收账款周转天数|无|
|流动资产周转天数|无|
|总资产周转天数|无|
|应收账款周转率|无|
|流动资产周转率|无|
|总资产周转率|无|
|应付账款周转率|无|
|存货周转天数|无|
|存货周转率|无|
存在财务指标-盈利能力如下表所示
|属性|值|
|--|--|
|name|协和电子|
|发布时间|2020-03-31|
|摊薄净资产收益率_扣除非经常损益|无|
|总资产净利率_平均|无|
|息前税后总资产报酬率_平均|无|
|毛利率|32.886271|
|净资产收益率(ROE)|1.59|
|总资产净利率_平均(含少数股东损益)|无|
|摊薄净资产收益率|无|
|净资产收益率_平均_扣除非经常损益|无|
|总资本回报率|无|
|销售净利率|14.89652|
|投入资本回报率|无|
|息税前利润率|18.632834|
|成本费用利润率|19.033126|
|净资产收益率_平均|无|
|总资产报酬率|无|
|营业利润率|17.744791|
存在财务指标-收益质量如下表所示
|属性|值|
|--|--|
|name|协和电子|
|发布时间|2020-03-31|
|经营活动净现金/归属母公司的净利润|-0.039093|
|经营性现金净流量/营业总收入|-0.00575|
|期间费用率|11.152557|
|成本费用率|78.266285|
|所得税/利润总额|15.246608|
|销售成本率|67.113728|
|经营活动净现金/销售收入|-0.00575|
存在财务指标-成长能力如下表所示
|属性|值|
|--|--|
|name|协和电子|
|发布时间|2020-03-31|
|净利润|14858056.51|
|归属母公司净利润增长率|无|
|营业总收入增长率|无|
|归母净利润|14670778.77|
|营业总收入|99741788.91|
|扣非净利润|14426482.15|
存在财务指标-常用指标如下表所示
|属性|值|
|--|--|
|name|协和电子|
|发布时间|2020-03-31|
|净利润|14858056.51|
|资产负债率|无|
|每股净资产|无|
|毛利率|32.886271|
|总资产报酬率(ROA)|无|
|经营现金流量净额|-573534.05|
|净资产收益率(ROE)|1.59|
|商誉|无|
|股东权益合计(净资产)|无|
|营业总收入|99741788.91|
|营业成本|82455157.04|
|基本每股收益|0.2223|
|销售净利率|14.89652|
|期间费用率|11.152557|
|归母净利润|14670778.77|
|每股现金流|无|
|扣非净利润|14426482.15|
存在财务指标-每股指标如下表所示
|属性|值|
|--|--|
|name|协和电子|
|发布时间|2020-03-31|
|每股资本公积金|无|
|每股净资产_最新股数|无|
|稀释每股收益|0.2223|
|每股企业自由现金流量|无|
|每股未分配利润|无|
|每股盈余公积金|无|
|每股股东自由现金流量|无|
|每股营业收入|无|
|基本每股收益|0.2223|
|每股现金流量净额|无|
|每股息税前利润|无|
|每股留存收益|无|
|摊薄每股净资产_期末股数|无|
|每股营业总收入|无|
|调整每股净资产_期末股数|无|
|每股经营现金流|无|

存在财务指标-常用指标如下表所示
|属性|值|
|--|--|
|name|协和电子|
|发布时间|2020-03-31|
|净利润|14858056.51|
|资产负债率|无|
|每股净资产|无|
|毛利率|32.886271|
|总资产报酬率(ROA)|无|
|经营现金流量净额|-573534.05|
|净资产收益率(ROE)|1.59|
|商誉|无|
|股东权益合计(净资产)|无|
|营业总收入|99741788.91|
|营业成本|82455157.04|
|基本每股收益|0.2223|
|销售净利率|14.89652|
|期间费用率|11.152557|
|归母净利润|14670778.77|
|每股现金流|无|
|扣非净利润|14426482.15|

存在财务指标-常用指标如下表所示
|属性|值|
|--|--|
|name|光洋股份|
|发布时间|2023-03-31|
|净利润|-14943134.07|
|资产负债率|52.36724|
|每股净资产|2.518373|
存在财务指标-常用指标如下表所示
|属性|值|
|--|--|
|name|光洋股份|
|发布时间|2022-12-31|
|净利润|-249065790.84|
|资产负债率|54.13824|
|每股净资产|2.535467|
存在财务指标-常用指标如下表所示
|属性|值|
|--|--|
|name|光洋股份|
|发布时间|2022-09-30|
|净利润|-149529434.33|
|资产负债率|51.17343|
|每股净资产|2.702565|
光洋股份2022-09-30的板块信息如下
存在板块关系：由个股指向行业
存在板块关系：由存在个股如下表所示
|属性|值|
|--|--|
|name|光洋股份|
|code|002708|
存在行业如下表所示
|属性|值|
|--|--|
|name|汽车零部件|
|code|BK0481|
存在地域如下表所示
|属性|值|
|--|--|
|name|江苏板块|
|code|BK0159|
存在概念如下表所示
|属性|值|
|--|--|
|name|长江三角|
|code|BK0594|
存在概念如下表所示
|属性|值|
|--|--|
|name|创投|
|code|BK0506|
存在概念如下表所示
|属性|值|
|--|--|
|name|军工|
|code|BK0490|
存在概念如下表所示
|属性|值|
|--|--|
|name|新能源车|
|code|BK0900|
存在概念如下表所示
|属性|值|
|--|--|
|name|机器人概念|
|code|BK1090|
存在概念如下表所示
|属性|值|
|--|--|
|name|PCB|
|code|BK0877|
存在概念如下表所示
|属性|值|
|--|--|
|name|无人驾驶|
|code|BK0802|
存在概念如下表所示
|属性|值|
|--|--|
|name|减速器|
|code|BK1100|
光洋股份2023-03-31的板块信息如下
存在控股关系：由实际控制人指向个股
存在基本面关系：由个股指向财务指标
存在基本面关系：由个股指向主存在个股如下表所示
|属性|值|
|--|--|
|name|N昊帆|
|code|301393|
存在实际控制人如下表所示
|属性|值|
|--|--|
|name|扬州富海光洋股权投资基金合伙企业(有限合伙)|
|个股|光洋股份|
|代码|SZ002708|
|持股比例|无|
|实际控制人|扬州富海光洋股权投资基金合伙企业(有限合伙)|
光洋股份2023-03-31的信息如下
存在包含关系：由财务指标指向财务风险
存在包含关系：由财务指标指向每股指标
存在包含关系：由财务指标指向盈利能力
存在包含关系：由财务指标指向营运能力
存在包含关系：由财务指标指向常用指标
存在包含关系：由财务指标指向收益质量存在财务指标-营运能力如下表所示
|属性|值|
|--|--|
|name|光洋股份|
|发布时间|2023-03-31|
|应收账款周转天数|114.677336|
|流动资产周转天数|304.443068|
|总资产周转天数|674.314911|
存在财务指标-盈利能力如下表所示
|属性|值|
|--|--|
|name|光洋股份|
|发布时间|2023-03-31|
|摊薄净资产收益率_扣除非经常损益|-3.236559|
|总资产净利率_平均|-0.329875|
|息前税后总资产报酬率_平均|-0.564496|
存在财务指标-收益质量如下表所示
|属性|值|
|--|--|
|name|光洋股份|
|发布时间|2023-03-31|
|经营活动净现金/归属母公司的净利润|3.510644|
|经营性现金净流量/营业总收入|-0.086767|
|期间费用率|13.215097|
存在财务指标-成长能力如下表所示
|属性|值|
|--|--|
|name|光洋股份|
|发布时间|2023-03-31|
|净利润|-14943134.07|
|归属母公司净利润增长率|82.994182|
|营业总收入增长率|-0.348167|
存在财务指标-每股指标如下表所示
|属性|值|
|--|--|
|name|光洋股份|
|发布时间|2023-03-31|
|每股资本公积金|1.734284|
|每股净资产_最新股数|2.518373|
|稀释每股收益|-0.02|
存在财务指标-财务风险如下表所示
|属性|值|
|--|--|
|name|光洋股份|
|发布时间|2023-03-31|
|保守速动比率|0.492501|
|现金比率|0.076475|
|资产负债率|52.36724|
请注意，以下只截取了前5个属性
存在财务指标-营运能力如下表所示
|属性|值|
|--|--|
|name|光洋股份|
|发布时间|2022-12-31|
|应收账款周转天数|112.378798|
|流动资产周转天数|314.984779|
|总资产周转天数|650.529028|
存在财务指标-盈利能力如下表所示
|属性|值|
|--|--|
|name|光洋股份|
|发布时间|2022-12-31|
|摊薄净资产收益率_扣除非经常损益|-19.763434|
|总资产净利率_平均|-8.711157|
|息前税后总资产报酬率_平均|-8.558982|
存在财务指标-收益质量如下表所示
|属性|值|
|--|--|
|name|光洋股份|
|发布时间|2022-12-31|
|经营活动净现金/归属母公司的净利润|0.591205|
|经营性现金净流量/营业总收入|-0.093063|
|期间费用率|12.936396|
存在财务指标-成长能力如下表所示
|属性|值|
|--|--|
|name|光洋股份|
|发布时间|2022-12-31|
|净利润|-249065790.84|
|归属母公司净利润增长率|-188.297492|
|营业总收入增长率|-8.289723|
存在财务指标-每股指标如下表所示
|属性|值|
|--|--|
|name|光洋股份|
|发布时间|2022-12-31|
|每股资本公积金|1.734284|
|每股净资产_最新股数|2.535467|
|稀释每股收益|-0.476|

N赛维2022-06-30的基本面信息如下
存在基本面关系：由个股指向财务指标
存在基本面关系：由个股指向主存在个股如下表所示
|属性|值|
|--|--|
|name|N赛维|
|code|301381|
N赛维2023-03-31的基本面信息如下
存在包含关系：由财务指标指向财务风险
存在包含关系：由财务指标指向每股指标
存在包含关系：由财务指标指向盈利能力
存在包含关系：由财务指标指向营运能力
存在包含关系：由财务指标指向常用指标
存在包含关系：由财务指标指向收益质量
存在包含关系：由财务指标指向成长能力
请注意，以下只截取了前5个属性
存在财务指标-每股指标如下表所示
|属性|值|
|--|--|
|name|N赛维|
|发布时间|2023-03-31|
|每股资本公积金|0.256152|
|每股净资产_最新股数|3.767075|
|稀释每股收益|0.1444|
存在财务指标-盈利能力如下表所示
|属性|值|
|--|--|
|name|N赛维|
|发布时间|2023-03-31|
|摊薄净资产收益率_扣除非经常损益|3.44811|
|总资产净利率_平均|2.213299|
|息前税后总资产报酬率_平均|2.213299|
存在财务指标-收益质量如下表所示
|属性|值|
|--|--|
|name|N赛维|
|发布时间|2023-03-31|
|经营活动净现金/归属母公司的净利润|3.915422|
|期间费用率|62.365955|
|经营性现金净流量/营业总收入|0.163624|
存在财务指标-营运能力如下表所示
|属性|值|
|--|--|
|name|N赛维|
|发布时间|2023-03-31|
|应收账款周转天数|15.510887|
|流动资产周转天数|123.43945|
|总资产周转天数|169.930384|
存在财务指标-常用指标如下表所示
|属性|值|
|--|--|
|name|N赛维|
|发布时间|2023-03-31|
|净利润|51970159.19|
|资产负债率|35.468543|
|每股净资产|4.186686|
存在财务指标-财务风险如下表所示
|属性|值|
|--|--|
|name|N赛维|
|发布时间|2023-03-31|
|保守速动比率|2.47126|
|现金比率|2.069587|
|资产负债率|35.468543|
存在财务指标-成长能力如下表所示
|属性|值|
|--|--|
|name|N赛维|
|发布时间|2023-03-31|
|净利润|51970159.19|
|归属母公司净利润增长率|32.567477|
|营业总收入增长率|22.812153|
存在主营指标如下表所示
|属性|值|
|--|--|
|name|商品销售|
|发布时间|2023-03-31|
|分类类型|按行业分类|
|个股|N赛维|
|主营收入|1210494775.88|
存在主营指标如下表所示
|属性|值|
|--|--|
|name|物流服务业务|
|发布时间|2023-03-31|
|分类类型|按行业分类|
|个股|N赛维|
|主营收入|27681502.29|
存在主营指标如下表所示
|属性|值|
|--|--|
|name|其他(补充)|
|发布时间|2023-03-31|
|分类类型|按行业分类|
|个股|N赛维|
|主营收入|5436956.22|
存在主营指标如下表所示
|属性|值|
|--|--|
|name|B2C业务|
|发布时间|2023-03-31|
|分类类型|按行业分类|
|个股|N赛维|
|主营收入|1188332497.31|
存在主营指标如下表所示
|属性|值|
|--|--|
|name|B2C业务-第三方平台|
|发布时间|2023-03-31|
|分类类型|按行业分类|
|个股|N赛维|
|主营收入|1145832720.56|
存在主营指标如下表所示
|属性|值|
|--|--|
|name|B2C业务-第三方平台-Amazon|
|发布时间|2023-03-31|
|分类类型|按行业分类|
|个股|N赛维|
|主营收入|1090298280.46|

N赛维2022-06-30的板块信息如下
存在板块关系：由个股指向行业
存在板块关系：由个存在个股如下表所示
|属性|值|
|--|--|
|name|N赛维|
|code|301381|
存在行业如下表所示
|属性|值|
|--|--|
|name|互联网服务|
|code|BK0447|
存在地域如下表所示
|属性|值|
|--|--|
|name|广东板块|
|code|BK0153|
存在概念如下表所示
|属性|值|
|--|--|
|name|电商概念|
|code|BK0665|
存在概念如下表所示
|属性|值|
|--|--|
|name|融资融券|
|code|BK0596|
存在概念如下表所示
|属性|值|
|--|--|
|name|跨境电商|
|code|BK1115|
存在概念如下表所示
|属性|值|
|--|--|
|name|创业板综|
|code|BK0742|
存在概念如下表所示
|属性|值|
|--|--|
|name|次新股|
|code|BK0501|
存在概念如下表所示
|属性|值|
|--|--|
|name|注册制次新股|
|code|BK0971|
N赛维2023-03-31的板块信息如下
存在控股关系：由实际控制人指向个股
存在基本面关系：由个股指向财务指标
存在基本面关系：由个股指向主营存在个股如下表所示
|属性|值|
|--|--|
|name|二三四五|
|code|002195|
存在实际控制人如下表所示
|属性|值|
|--|--|
|name|傅耀华,叶可|
|个股|二三四五|
|代码|SZ002195|
|持股比例|无|
|实际控制人|傅耀华,叶可|

长电科技2023-03-31的信息如下
存在基本面关系：由个股指向财务指标
存在基本面关系：由个股指向主营构成
存在基本面关系：由个股指向十大股东
存在包含关系：由财务指标指向财务风险
存在包含关系：由财务指标指向每股指标
存在包含关系：由财务指标指向盈利能力
存在包含关系：由财务指标指向营运能力
存在包含关系：由财务指标指向常用指标
存在包含关系：由财务指标指向收益质量存在个股如下表所示
|属性|值|
|--|--|
|name|长电科技|
|code|600584|
存在财务指标-每股指标如下表所示
|属性|值|
|--|--|
|name|长电科技|
|发布时间|2023-03-31|
|每股资本公积金|8.48723|
|每股净资产_最新股数|13.791284|
|稀释每股收益|0.06|
|每股企业自由现金流量|-0.455254|
|每股盈余公积金|0.128541|
|每股未分配利润|4.081999|
|每股股东自由现金流量|-0.814125|
|每股营业收入|3.293071|
|基本每股收益|0.06|
|每股现金流量净额|0.479645|
|每股息税前利润|0.111453|
|每股留存收益|4.21054|
|每股营业总收入|3.293071|
|摊薄每股净资产_期末股数|13.849204|
|调整每股净资产_期末股数|12.355789|
|每股经营现金流|0.693286|
存在财务指标-成长能力如下表所示
|属性|值|
|--|--|
|name|长电科技|
|发布时间|2023-03-31|
|净利润|109928612.98|
|归属母公司净利润增长率|-87.238783|
|营业总收入增长率|-27.992765|
|归母净利润|109928612.98|
|营业总收入|5860195186.42|
|扣非净利润|56290404.61|
存在财务指标-盈利能力如下表所示
|属性|值|
|--|--|
|name|长电科技|
|发布时间|2023-03-31|
|摊薄净资产收益率_扣除非经常损益|0.228401|
|总资产净利率_平均|0.287116|
|息前税后总资产报酬率_平均|0.287116|
|毛利率|11.841889|
|净资产收益率(ROE)|0.45|
|总资产净利率_平均(含少数股东损益)|0.287116|
|摊薄净资产收益率|0.446041|
|净资产收益率_平均_扣除非经常损益|0.228401|
|总资本回报率|0.627939|
|销售净利率|1.875852|
|投入资本回报率|0.348035|
|息税前利润率|3.384493|
|成本费用利润率|2.019315|
|净资产收益率_平均|0.446065|
|总资产报酬率|0.518027|
|营业利润率|2.464473|
存在财务指标-财务风险如下表所示
|属性|值|
|--|--|
|name|长电科技|
|发布时间|2023-03-31|
|保守速动比率|1.005819|
|现金比率|0.71783|
|资产负债率|33.689249|
|权益乘数|1.553604|
|流动比率|1.360636|
|速动比率|1.069148|
|产权比率|50.80511|
|权益乘数(含少数股权的净资产)|1.508051|
存在财务指标-收益质量如下表所示
|属性|值|
|--|--|
|name|长电科技|
|发布时间|2023-03-31|
|经营活动净现金/归属母公司的净利润|11.2231|
|经营性现金净流量/营业总收入|0.210528|
|期间费用率|4.737337|
|成本费用率|92.895448|
|所得税/利润总额|21.877984|
|销售成本率|88.15811|
|经营活动净现金/销售收入|0.210528|
存在财务指标-常用指标如下表所示
|属性|值|
|--|--|
|name|长电科技|
|发布时间|2023-03-31|
|净利润|109928612.98|
|资产负债率|33.689249|
|每股净资产|13.849204|
|毛利率|11.841889|
|总资产报酬率(ROA)|0.518027|
|经营现金流量净额|1233739882.22|
|净资产收益率(ROE)|0.45|
|商誉|2180625349.23|
|股东权益合计(净资产)|24645394276.86|
|营业总收入|5860195186.42|
|营业成本|5772321391.45|
|基本每股收益|0.06|
|销售净利率|1.875852|
|期间费用率|4.737337|
|归母净利润|109928612.98|
|每股现金流|0.693286|
|扣非净利润|56290404.61|
存在财务指标-营运能力如下表所示
|属性|值|
|--|--|
|name|长电科技|
|发布时间|2023-03-31|
|应收账款周转天数|48.328786|
|流动资产周转天数|203.104169|
|总资产周转天数|588.007898|
|应收账款周转率|1.862244|
|流动资产周转率|0.443122|
|总资产周转率|0.153059|
|存货周转天数|50.416697|
|应付账款周转率|1.142994|
|存货周转率|1.785122|
请注意，以下只截取了前5个属性
存在财务指标-每股指标如下表所示
|属性|值|
|--|--|
|name|长电科技|
|发布时间|2022-12-31|
|每股资本公积金|8.474361|
|每股净资产_最新股数|13.789794|
|稀释每股收益|1.81|
存在财务指标-成长能力如下表所示
|属性|值|
|--|--|
|name|长电科技|
|发布时间|2022-12-31|
|净利润|3230988205.53|
|归属母公司净利润增长率|9.202505|
|营业总收入增长率|10.6864|
存在财务指标-盈利能力如下表所示
|属性|值|
|--|--|
|name|长电科技|
|发布时间|2022-12-31|
|摊薄净资产收益率_扣除非经常损益|11.483587|
|总资产净利率_平均|8.446326|
|息前税后总资产报酬率_平均|8.988997|
存在财务指标-收益质量如下表所示
|属性|值|
|--|--|
|name|长电科技|
|发布时间|2022-12-31|
|经营活动净现金/归属母公司的净利润|1.860875|
|经营性现金净流量/营业总收入|0.178083|
|期间费用率|3.584943|
存在财务指标-常用指标如下表所示
|属性|值|
|--|--|
|name|长电科技|
|发布时间|2022-12-31|
|净利润|3230988205.53|
|资产负债率|37.467263|
|每股净资产|13.847709|
存在财务指标-营运能力如下表所示
|属性|值|
|--|--|
|name|长电科技|
|发布时间|2022-12-31|
|应收账款周转天数|42.440901|
|流动资产周转天数|146.935932|
|总资产周转天数|407.888499|

存在主营指标如下表所示
|属性|值|
|--|--|
|name|电子元器件|
|发布时间|2022-12-31|
|分类类型|按行业分类|
|个股|长电科技|
|主营收入|33631678717.08|
|毛利率|0.168971|
|利润比例|0.987996|
|收入比例|0.996139|
|成本比例|0.997811|
|主营成本|27948894245.7|
|主营利润|5682784471.38|
存在主营指标如下表所示
|属性|值|
|--|--|
|name|其他(补充)|
|发布时间|2022-12-31|
|分类类型|按行业分类|
|个股|长电科技|
|主营收入|130349731.92|
|毛利率|0.529673|
|利润比例|0.012004|
|收入比例|0.003861|
|成本比例|0.002189|
|主营成本|61307027.29|
|主营利润|69042704.63|
存在主营指标如下表所示
|属性|值|
|--|--|
|name|芯片封测|
|发布时间|2022-12-31|
|分类类型|按产品分类|
|个股|长电科技|
|主营收入|33631678717.08|
|毛利率|0.168971|
|利润比例|0.987996|
|收入比例|0.996139|
|成本比例|0.997811|
|主营成本|27948894245.7|
|主营利润|5682784471.38|
存在主营指标如下表所示
|属性|值|
|--|--|
|name|其他(补充)|
|发布时间|2022-12-31|
|分类类型|按产品分类|
|个股|长电科技|
|主营收入|130349731.92|
|毛利率|0.529673|
|利润比例|0.012004|
|收入比例|0.003861|
|成本比例|0.002189|
|主营成本|61307027.29|
|主营利润|69042704.63|
存在主营指标如下表所示
|属性|值|
|--|--|
|name|境外销售|
|发布时间|2022-12-31|
|分类类型|按地区分类|
|个股|长电科技|
|主营收入|24823542061.08|
|毛利率|0.148705|
|利润比例|0.641776|
|收入比例|0.73525|
|成本比例|0.754445|
|主营成本|21132158939.17|
|主营利润|3691383121.91|
长电科技2022-12-31的信息如下
存在基本面关系：由个股指向财务指标
存在基本面关系：由个股指向主营构成
存在基本面关系：由个股指向十大股东
存在按行业分类关系：由主营构成指向主营指标
存在按产品分类关系：由主营构成指向主营指标
存在存在个股如下表所示
|属性|值|
|--|--|
|name|长电科技|
|code|600584|
存在主营指标如下表所示
|属性|值|
|--|--|
|name|境内销售|
|发布时间|2022-12-31|
|分类类型|按地区分类|
|个股|长电科技|
|主营收入|8808136656.0|
|毛利率|0.226087|
|利润比例|0.346221|
|收入比例|0.260889|
|成本比例|0.243366|
|主营成本|6816735306.53|
|主营利润|1991401349.47|
存在主营指标如下表所示
|属性|值|
|--|--|
|name|其他(补充)|
|发布时间|2022-12-31|
|分类类型|按地区分类|
|个股|长电科技|
|主营收入|130349731.92|
|毛利率|0.529673|
|利润比例|0.012004|
|收入比例|0.003861|
|成本比例|0.002189|
|主营成本|61307027.29|
|主营利润|69042704.63|

长电科技2023-03-31的信息如下
存在板块关系：由个股指向行业
存在板块关系：由个股存在个股如下表所示
|属性|值|
|--|--|
|name|长电科技|
|code|600584|
存在行业如下表所示
|属性|值|
|--|--|
|name|半导体|
|code|BK1036|
存在个股如下表所示
|属性|值|
|--|--|
|name|睿能科技|
|code|603933|
存在个股如下表所示
|属性|值|
|--|--|
|name|盈方微|
|code|000670|
存在个股如下表所示
|属性|值|
|--|--|
|name|伟测科技|
|code|688372|
存在个股如下表所示
|属性|值|
|--|--|
|name|富瀚微|
|code|300613|
存在个股如下表所示
|属性|值|
|--|--|
|name|中颖电子|
|code|300327|
存在个股如下表所示
|属性|值|
|--|--|
|name|赛微电子|
|code|300456|
存在个股如下表所示
|属性|值|
|--|--|
|name|帝奥微|
|code|688381|
存在个股如下表所示
|属性|值|
|--|--|
|name|力合微|
|code|688589|
存在个股如下表所示
|属性|值|
|--|--|
|name|思瑞浦|
|code|688536|
存在个股如下表所示
|属性|值|
|--|--|
|name|全志科技|
|code|300458|
存在个股如下表所示
|属性|值|
|--|--|
|name|冠石科技|
|code|605588|
存在个股如下表所示
|属性|值|
|--|--|
|name|美芯晟|
|code|688458|
存在个股如下表所示
|属性|值|
|--|--|
|name|芯海科技|
|code|688595|
存在个股如下表所示
|属性|值|
|--|--|
|name|华峰测控|
|code|688200|

存在财务指标-常用指标如下表所示
|属性|值|
|--|--|
|name|协和电子|
|发布时间|2020-03-31|
|净利润|14858056.51|
|资产负债率|无|
|每股净资产|无|
|毛利率|32.886271|
|总资产报酬率(ROA)|无|
|经营现金流量净额|-573534.05|
|净资产收益率(ROE)|1.59|
|商誉|无|
|股东权益合计(净资产)|无|
|营业总收入|99741788.91|
|营业成本|82455157.04|
|基本每股收益|0.2223|
|销售净利率|14.89652|
|期间费用率|11.152557|
|归母净利润|14670778.77|
|每股现金流|无|
|扣非净利润|14426482.15|

存在股东明细如下表所示
|属性|值|
|--|--|
|name|N赛维|
|发布时间|2017-06-30|
|持股数|36124080|
|变动比率|无|
|股东名称|深圳市君腾投资有限公司|
|增减|不变|
|股份类型|限售流通A股|
|占总股本持股比例|45.15|
|名次|1|
存在股东明细如下表所示
|属性|值|
|--|--|
|name|N赛维|
|发布时间|2017-06-30|
|持股数|23361760|
|变动比率|无|
|股东名称|深圳市众腾投资企业(有限合伙)|
|增减|不变|
|股份类型|限售流通A股|
|占总股本持股比例|29.2|
|名次|2|
存在股东明细如下表所示
|属性|值|
|--|--|
|name|N赛维|
|发布时间|2017-06-30|
|持股数|15144240|
|变动比率|无|
|股东名称|深圳市君辉投资有限公司|
|增减|不变|
|股份类型|限售流通A股|
|占总股本持股比例|18.93|
|名次|3|
存在股东明细如下表所示
|属性|值|
|--|--|
|name|N赛维|
|发布时间|2017-06-30|
|持股数|1337600|
|变动比率|无|
|股东名称|厦门坚果互联投资合伙企业(有限合伙)|
|增减|不变|
|股份类型|限售流通A股|
|占总股本持股比例|1.67|
|名次|4|
存在股东明细如下表所示
|属性|值|
|--|--|
|name|N赛维|
|发布时间|2017-06-30|
|持股数|1317040|
|变动比率|无|
|股东名称|厦门坚果兄弟创业投资合伙企业(有限合伙)|
|增减|不变|
|股份类型|限售流通A股|
|占总股本持股比例|1.65|
|名次|5|
存在股东明细如下表所示
|属性|值|
|--|--|
|name|N赛维|
|发布时间|2016-12-31|
|持股数|36124080|
|变动比率|无|
|股东名称|深圳市君腾投资有限公司|
|增减|不变|
|股份类型|限售流通A股|
|占总股本持股比例|45.15|
|名次|1|
存在股东明细如下表所示
|属性|值|
|--|--|
|name|N赛维|
|发布时间|2016-12-31|
|持股数|23361760|
|变动比率|无|
|股东名称|深圳市众腾投资企业(有限合伙)|
|增减|不变|
|股份类型|限售流通A股|
|占总股本持股比例|29.2|
|名次|2|
存在股东明细如下表所示
|属性|值|
|--|--|
|name|N赛维|
|发布时间|2016-12-31|
|持股数|15144240|
|变动比率|无|
|股东名称|深圳市君辉投资有限公司|
|增减|不变|
|股份类型|限售流通A股|
|占总股本持股比例|18.93|
|名次|3|
存在股东明细如下表所示
|属性|值|
|--|--|
|name|N赛维|
|发布时间|2016-12-31|
|持股数|1337600|
|变动比率|无|
|股东名称|厦门坚果互联投资合伙企业(有限合伙)|
|增减|不变|
|股份类型|限售流通A股|
|占总股本持股比例|1.67|
|名次|4|
存在股东明细如下表所示
|属性|值|
|--|--|
|name|N赛维|
|发布时间|2016-12-31|
|持股数|1317040|
|变动比率|无|
|股东名称|厦门坚果兄弟创业投资合伙企业(有限合伙)|
|增减|不变|
|股份类型|限售流通A股|
|占总股本持股比例|1.65|
|名次|5|

存在股东明细如下表所示
|属性|值|
|--|--|
|name|N赛维|
|发布时间|2017-06-30|
|持股数|36124080|
|变动比率|无|
|股东名称|深圳市君腾投资有限公司|
存在股东明细如下表所示
|属性|值|
|--|--|
|name|N赛维|
|发布时间|2017-06-30|
|持股数|23361760|
|变动比率|无|
|股东名称|深圳市众腾投资企业(有限合伙)|
存在股东明细如下表所示
|属性|值|
|--|--|
|name|N赛维|
|发布时间|2017-06-30|
|持股数|15144240|
|变动比率|无|
|股东名称|深圳市君辉投资有限公司|
存在股东明细如下表所示
|属性|值|
|--|--|
|name|N赛维|
|发布时间|2017-06-30|
|持股数|1337600|
|变动比率|无|
|股东名称|厦门坚果互联投资合伙企业(有限合伙)|
存在股东明细如下表所示
|属性|值|
|--|--|
|name|N赛维|
|发布时间|2017-06-30|
|持股数|1317040|
|变动比率|无|
|股东名称|厦门坚果兄弟创业投资合伙企业(有限合伙)|
存在股东明细如下表所示
|属性|值|
|--|--|
|name|N赛维|
|发布时间|2016-12-31|
|持股数|36124080|
|变动比率|无|
|股东名称|深圳市君腾投资有限公司|
存在股东明细如下表所示
|属性|值|
|--|--|
|name|N赛维|
|发布时间|2016-12-31|
|持股数|23361760|
|变动比率|无|
|股东名称|深圳市众腾投资企业(有限合伙)|
存在股东明细如下表所示
|属性|值|
|--|--|
|name|N赛维|
|发布时间|2016-12-31|
|持股数|15144240|
|变动比率|无|
|股东名称|深圳市君辉投资有限公司|
存在股东明细如下表所示
|属性|值|
|--|--|
|name|N赛维|
|发布时间|2016-12-31|
|持股数|1337600|
|变动比率|无|
|股东名称|厦门坚果互联投资合伙企业(有限合伙)|
存在股东明细如下表所示
|属性|值|
|--|--|
|name|N赛维|
|发布时间|2016-12-31|
|持股数|1317040|
|变动比率|无|
|股东名称|厦门坚果兄弟创业投资合伙企业(有限合伙)|
N赛维2022-06-30的信息如下存在个股如下表所示
|属性|值|
|--|--|
|name|N赛维|
|code|301381|
存在实际控制人如下表所示
|属性|值|
|--|--|
|name|陈文平|
|个股|N赛维|
|代码|SZ301381|
|持股比例|无|
|实际控制人|陈文平|
N赛维的控股信息如下
存在板块关系：由个股指向行业
存在板块关系：由个股指向地域
存在板块存在行业如下表所示
|属性|值|
|--|--|
|name|互联网服务|
|code|BK0447|
存在个股如下表所示
|属性|值|
|--|--|
|name|二三四五|
|code|002195|
存在个股如下表所示
|属性|值|
|--|--|
|name|真视通|
|code|002771|
存在个股如下表所示
|属性|值|
|--|--|
|name|科远智慧|
|code|002380|

广发证券2022-12-31的信息如下
存在基本面关系：由个股指向财务指标
存在基本面关系：由个股指向主营构成
存在基本面关系：由个股指向十大股东
存在包含关系：由财务指标指向财务风险
存在包含关系：由财务指标指向每股指标
存在包含关系：由财务指标指向盈利能力
存在包含关系：由财务指标指向营运能力
存在包含关系：由财务指标指向常用指标
存在包含关系：由财务指标指向收益质量存在个股如下表所示
|属性|值|
|--|--|
|name|广发证券|
|code|000776|
存在财务指标-成长能力如下表所示
|属性|值|
|--|--|
|name|广发证券|
|发布时间|2022-12-31|
|净利润|8898004175.0|
|归属母公司净利润增长率|-26.946762|
|营业总收入增长率|-26.62183|
存在财务指标-盈利能力如下表所示
|属性|值|
|--|--|
|name|广发证券|
|发布时间|2022-12-31|
|摊薄净资产收益率_扣除非经常损益|6.546347|
|总资产净利率_平均|1.375284|
|息前税后总资产报酬率_平均|1.543303|
存在财务指标-每股指标如下表所示
|属性|值|
|--|--|
|name|广发证券|
|发布时间|2022-12-31|
|每股资本公积金|4.105212|
|每股净资产_最新股数|14.322841|
|稀释每股收益|1.02|
存在财务指标-营运能力如下表所示
|属性|值|
|--|--|
|name|广发证券|
|发布时间|2022-12-31|
|应收账款周转天数|无|
|流动资产周转天数|无|
|总资产周转天数|8258.792376|
存在财务指标-收益质量如下表所示
|属性|值|
|--|--|
|name|广发证券|
|发布时间|2022-12-31|
|经营活动净现金/归属母公司的净利润|6.308485|
|经营性现金净流量/营业总收入|1.99036|
|期间费用率|无|
存在财务指标-常用指标如下表所示
|属性|值|
|--|--|
|name|广发证券|
|发布时间|2022-12-31|
|净利润|8898004175.0|
|资产负债率|73.98366|
|每股净资产|14.322841|
存在财务指标-成长能力如下表所示
|属性|值|
|--|--|
|name|广发证券|
|发布时间|2023-03-31|
|净利润|2425803592.59|
|归属母公司净利润增长率|65.581386|
|营业总收入增长率|35.68741|
存在财务指标-盈利能力如下表所示
|属性|值|
|--|--|
|name|广发证券|
|发布时间|2023-03-31|
|摊薄净资产收益率_扣除非经常损益|1.912992|
|总资产净利率_平均|0.336542|
|息前税后总资产报酬率_平均|0.378527|
存在财务指标-每股指标如下表所示
|属性|值|
|--|--|
|name|广发证券|
|发布时间|2023-03-31|
|每股资本公积金|4.105212|
|每股净资产_最新股数|14.612292|
|稀释每股收益|0.27|
存在财务指标-营运能力如下表所示
|属性|值|
|--|--|
|name|广发证券|
|发布时间|2023-03-31|
|应收账款周转天数|无|
|流动资产周转天数|无|
|总资产周转天数|8904.760098|
存在财务指标-收益质量如下表所示
|属性|值|
|--|--|
|name|广发证券|
|发布时间|2023-03-31|
|经营活动净现金/归属母公司的净利润|-2.124514|
|经营性现金净流量/营业总收入|-0.707424|
|期间费用率|无|
存在财务指标-财务风险如下表所示
|属性|值|
|--|--|
|name|广发证券|
|发布时间|2023-03-31|
|保守速动比率|无|
|现金比率|无|
|资产负债率|75.761174|
存在财务指标-常用指标如下表所示
|属性|值|
|--|--|
|name|广发证券|
|发布时间|2023-03-31|
|净利润|2425803592.59|
|资产负债率|75.761174|
|每股净资产|14.612292|

存在实际控制人如下表所示
|属性|值|
|--|--|
|name|台州市人民政府国有资产监督管理委员会|
|个股|浙江仙通|
|代码|SH603239|
|持股比例|无|
|实际控制人|台州市人民政府国有资产监督管理委员会|

存在股东明细如下表所示
|属性|值|
|--|--|
|name|浙江仙通|
|发布时间|2023-03-31|
|变动比率|无|
|持股数|78750000|
|股东名称|台州五城产业发展有限公司|
存在股东明细如下表所示
|属性|值|
|--|--|
|name|浙江仙通|
|发布时间|2023-03-31|
|变动比率|无|
|持股数|71887500|
|股东名称|李起富|
存在股东明细如下表所示
|属性|值|
|--|--|
|name|浙江仙通|
|发布时间|2023-03-31|
|变动比率|无|
|持股数|19237500|
|股东名称|金桂云|
存在股东明细如下表所示
|属性|值|
|--|--|
|name|浙江仙通|
|发布时间|2023-03-31|
|变动比率|-25.0|
|持股数|10125000|
|股东名称|邵学军|
存在股东明细如下表所示
|属性|值|
|--|--|
|name|浙江仙通|
|发布时间|2023-03-31|
|变动比率|-2.37411468|
|持股数|9557828|
|股东名称|前海人寿保险股份有限公司-分红保险产品|
浙江仙通2022-12-31的信息如存在个股如下表所示
|属性|值|
|--|--|
|name|浙江仙通|
|code|603239|
存在实际控制人如下表所示
|属性|值|
|--|--|
|name|台州市人民政府国有资产监督管理委员会|
|个股|浙江仙通|
|代码|SH603239|
|持股比例|无|
|实际控制人|台州市人民政府国有资产监督管理委员会|
浙江仙通的控股信息如下
存在板块关系：由个股指向行业
存在板块关系：由个股指向地域
存在板存在实际控制人如下表所示
|属性|值|
|--|--|
|name|伍阿凤,伍亚林|
|个股|博俊科技|
|代码|SZ300926|
|持股比例|48.59|
|实际控制人|伍阿凤,伍亚林|
存在个股如下表所示
|属性|值|
|--|--|
|name|博俊科技|
|code|300926|
存在行业如下表所示
|属性|值|
|--|--|
|name|汽车零部件|
|code|BK0481|
存在实际控制人如下表所示
|属性|值|
|--|--|
|name|章恩友,章国耀|
|个股|迦南智能|
|代码|SZ300880|
|持股比例|无|
|实际控制人|章恩友,章国耀|
存在个股如下表所示
|属性|值|
|--|--|
|name|迦南智能|
|code|300880|
存在地域如下表所示
|属性|值|
|--|--|
|name|浙江板块|
|code|BK0172|
存在实际控制人如下表所示
|属性|值|
|--|--|
|name|中国兵器装备集团有限公司|
|个股|西仪股份|
|代码|SZ002265|
|持股比例|65.89|
|实际控制人|中国兵器装备集团有限公司|
存在个股如下表所示
|属性|值|
|--|--|
|name|西仪股份|
|code|002265|
存在实际控制人如下表所示
|属性|值|
|--|--|
|name|扬州富海光洋股权投资基金合伙企业(有限合伙)|
|个股|光洋股份|
|代码|SZ002708|
|持股比例|无|
|实际控制人|扬州富海光洋股权投资基金合伙企业(有限合伙)|
存在个股如下表所示
|属性|值|
|--|--|
|name|光洋股份|
|code|002708|
存在实际控制人如下表所示
|属性|值|
|--|--|
|name|陈洪民,陈小科|
|个股|科华控股|
|代码|SH603161|
|持股比例|34.97|
|实际控制人|陈洪民,陈小科|
存在个股如下表所示
|属性|值|
|--|--|
|name|科华控股|
|code|603161|


广发证券2022-09的基本面信息如下
存在基本面关系：由个股指向财务指标
存在基本面关系：由个股指向主营构存在个股如下表所示
|属性|值|
|--|--|
|name|广发证券|
|code|000776|
广发证券2022-09的基本面信息如下
存在包含关系：由财务指标指向财务风险
存在包含关系：由财务指标指向每股指标
存在包含关系：由财务指标指向盈利能力
存在包含关系：由财务指标指向营运能力
存在包含关系：由财务指标指向常用指标
存在包含关系：由财务指标指向收益质量
存在包含关系：由财务指标指向成长能力
存在请注意，以下只截取了前5个属性
存在财务指标-成长能力如下表所示
|属性|值|
|--|--|
|name|广发证券|
|发布时间|2022-09-30|
|净利润|5893933813.33|
|归属母公司净利润增长率|-39.423831|
|营业总收入增长率|-34.817401|
存在财务指标-盈利能力如下表所示
|属性|值|
|--|--|
|name|广发证券|
|发布时间|2022-09-30|
|摊薄净资产收益率_扣除非经常损益|4.401425|
|总资产净利率_平均|0.929621|
|息前税后总资产报酬率_平均|1.046775|
存在财务指标-每股指标如下表所示
|属性|值|
|--|--|
|name|广发证券|
|发布时间|2022-09-30|
|每股资本公积金|4.104388|
|每股净资产_最新股数|14.056259|
|稀释每股收益|0.67|
存在财务指标-营运能力如下表所示
|属性|值|
|--|--|
|name|广发证券|
|发布时间|2022-09-30|
|应收账款周转天数|无|
|流动资产周转天数|无|
|总资产周转天数|8679.681414|
存在财务指标-收益质量如下表所示
|属性|值|
|--|--|
|name|广发证券|
|发布时间|2022-09-30|
|经营活动净现金/归属母公司的净利润|3.757403|
|经营性现金净流量/营业总收入|1.122882|
|期间费用率|无|
存在财务指标-常用指标如下表所示
|属性|值|
|--|--|
|name|广发证券|
|发布时间|2022-09-30|
|净利润|5893933813.33|
|资产负债率|73.514954|
|每股净资产|14.056259|
存在股东明细如下表所示
|属性|值|
|--|--|
|name|广发证券|
|发布时间|2022-09-30|
|变动比率|无|
|持股数|1250154088|
|股东名称|辽宁成大股份有限公司|
存在股东明细如下表所示
|属性|值|
|--|--|
|name|广发证券|
|发布时间|2022-09-30|
|变动比率|4.33305346|
|持股数|77579517|
|股东名称|香港中央结算有限公司|
存在股东明细如下表所示
|属性|值|
|--|--|
|name|广发证券|
|发布时间|2022-09-30|
|变动比率|13.7187711|
|持股数|47965934|
|股东名称|中国建设银行股份有限公司-华宝中证全指证券公司交易型开放式指数证券投资基金|
存在股东明细如下表所示
|属性|值|
|--|--|
|name|广发证券|
|发布时间|2022-09-30|
|变动比率|-0.00198806|
|持股数|1700116650|
|股东名称|香港中央结算(代理人)有限公司|
存在股东明细如下表所示
|属性|值|
|--|--|
|name|广发证券|
|发布时间|2022-09-30|
|变动比率|无|
|持股数|1252297867|
|股东名称|吉林敖东药业集团股份有限公司|
存在股东明细如下表所示
|属性|值|
|--|--|
|name|广发证券|
|发布时间|2022-09-30|
|变动比率|-12.75917499|
|持股数|23733637|
|股东名称|全国社保基金一一一组合|
存在股东明细如下表所示
|属性|值|
|--|--|
|name|广发证券|
|发布时间|2022-09-30|
|变动比率|54.83190934|
|持股数|53117666|
|股东名称|全国社保基金一一八组合|

存在财务指标-常用指标如下表所示
|属性|值|
|--|--|
|name|光洋股份|
|发布时间|2023-03-31|
|净利润|-14943134.07|
|资产负债率|52.36724|
|每股净资产|2.518373|
|毛利率|7.31933|
|总资产报酬率(ROA)|0.003314|
|经营现金流量净额|-30656117.73|
|净资产收益率(ROE)|-0.7|
|商誉|无|
|股东权益合计(净资产)|1229581850.75|
|营业总收入|353313509.92|
|营业成本|398819820.52|
|基本每股收益|-0.02|
|销售净利率|-4.229426|
|期间费用率|13.215097|
|归母净利润|-8732333.83|
|每股现金流|-0.062307|
|扣非净利润|-40103169.59|

光大证券2022-12-31的信息如下
存在基本面关系：由个股指向财务指标
存在基本面关系：由个股指向主营构成
存在基本面关系：由个股指向十大股东
存在包含关系：由财务指标指向财务风险
存在包含关系：由财务指标指向每股指标
存在包含关系：由财务指标指向盈利能力
存在包含关系：由财务指标指向营运能力
存在包含关系：由财务指标指向常用指标
存在包含关系：由财务指标指向收益质量存在个股如下表所示
|属性|值|
|--|--|
|name|光大证券|
|code|601788|
存在财务指标-常用指标如下表所示
|属性|值|
|--|--|
|name|光大证券|
|发布时间|2022-12-31|
|净利润|3240624622.37|
|资产负债率|65.800039|
|每股净资产|11.821383|
存在财务指标-常用指标如下表所示
|属性|值|
|--|--|
|name|光大证券|
|发布时间|2023-03-31|
|净利润|970273275.44|
|资产负债率|66.068902|
|每股净资产|12.045667|
存在个股如下表所示
|属性|值|
|--|--|
|name|广发证券|
|code|000776|
存在财务指标-常用指标如下表所示
|属性|值|
|--|--|
|name|广发证券|
|发布时间|2022-12-31|
|净利润|8898004175.0|
|资产负债率|73.98366|
|每股净资产|14.322841|
存在财务指标-常用指标如下表所示
|属性|值|
|--|--|
|name|广发证券|
|发布时间|2023-03-31|
|净利润|2425803592.59|
|资产负债率|75.761174|
|每股净资产|14.612292|

